time diff: 12, geography, min context: 2 (without 'ff')
one process: 2015-03-02 23:06:03.987290 2015-03-03 12:57:24.000439
3 processes: 
Hashtags 0 to 1205769 Start time 2015-03-03 00:56:20.934427 End time 2015-03-03 02:41:34.800709
Hashtags 3617310 to 3617311 Start time 2015-03-03 02:41:34.848872 End time 2015-03-03 02:42:10.382657
Hashtags 1205770 to 2411539 Start time 2015-03-03 00:56:20.934766 End time 2015-03-03 03:23:41.176401
Hashtags 2411540 to 3617309 Start time 2015-03-03 00:56:20.935118 End time 2015-03-03 07:35:46.811056

number of users in hashtagAdoptionSequences.txt file: 2979543

Vocab size: 906513
Words in train file: 1602003191
Alpha: 0.000006  Progress: 99.97%  Words/thread/sec: 14.48k
real    2809m36.155s
user    27519m1.120s
sys     150m23.900s

time diff: 6, geography, min context: 2
Start time 2015-03-08 14:02:55.146402 End time 2015-03-08 17:46:27.162793
sentences: 171831181

time diff: 1, geography, min context: 2
time 22:51:36.827874 to 23:50:50.098092
sentences: 151686315

large hashtags, 1hr, bfs
Process 13 Hashtag count 35 Hashtag seo tweets 149151
Process 13 Hashtag count 36 Hashtag toronto tweets 150275
Process 13 Hashtag count 37 Hashtag iran tweets 151769
Process 13 Hashtag count 38 Hashtag etsy tweets 152078
Process 13 Hashtag count 39 Hashtag nashto2mil tweets 152657

make

CORPUS=degree_distribution/sentences_files_bfs/userSentencesComb
SAVE_FILE=node_vectors_1hr_bfsr.txt
VOCAB_FILE=node_vocab_1hr_bfsr.txt

time ./word2vec -train $CORPUS -output $SAVE_FILE -cbow 0 -size 100 -window 10  -hs 1 -sample 1e-4 -min-count 5 -threads 20 -binary 0 -iter 10 -save-vocab $VOCAB_FILE

path, right
make: Nothing to be done for `all'.
Starting training using file degree_distribution/sentences_files/userSentencesComb
Vocab size: 2574808
Words in train file: 1410089458
Alpha: 0.000006  Progress: 99.98%  Words/thread/sec: 14.29k
real    854m1.265s
user    16418m24.816s
sys     38m7.828s

bfs, right
make: Nothing to be done for `all'.
Starting training using file degree_distribution/sentences_files_bfs/userSentencesComb
Vocab size: 2654595
Words in train file: 1507022082
Alpha: 0.000002  Progress: 99.99%  Words/thread/sec: 9.46k
real    1367m37.130s
user    26503m1.304s
sys     65m2.892s

k=1000

bfs 1
MAP user vectors 0.0305894756209 Nb_App 0.00597431426486
MPk 0.08563 0.04296 MRk 0.0406798177299 0.0166819215775
pr 1
MAP user vectors 0.0242053184085 Nb_App 0.00807694269621
MPk 0.06756 0.04996 MRk 0.033878791525 0.0170544510083

bfs 20
MAP 0.0644889865564 MPk 0.128676470588 MRk 0.052672186017
Nb_App MAP 0.00559748420124 MPk 0.043 MRk 0.0156434237444

bfs 10
MAP user vectors 0.0267761246031 Nb_App 0.00750498855781
MPk 0.08009 0.04537 MRk 0.0430084329764 0.017705614054

?
MAP user vectors 0.0500767253139 Nb_App 0.00909295771638
MPk 0.10958 0.0533 MRk 0.0475227927835 0.0177367320585

MAP 0.0568455671973 MPk 0.109607142857 MRk 0.0422329381826
Nb_App MAP 0.00295884800964 MPk 0.0324642857143 MRk 0.0146072720142
Fol MAP 0.00679740834404 MPk 0.0298571428571 MRk 0.0120922690769

bfs 10 min
MAP 0.0555368315504 MPk 0.128511627907 MRk 0.0407154529137
Nb_App MAP 0.0127431149993 MPk 0.0600465116279 MRk 0.0181482981926

bfs 10 m=2 emergent
MAP 0.0611311681426 MPk 0.142526315789 MRk 0.077896092394
Nb_App MAP 0.000618446648866 MPk 0.0179210526316 MRk 0.00922121936722

bfs 30
MAP 0.0323411018728 MPk 0.0877586206897 MRk 0.0527202775566
Nb_App MAP 0.00377962787394 MPk 0.0321724137931 MRk 0.0128864875258

bfs 100
MAP 0.0413965728775 MPk 0.14675 MRk 0.0864186992699
Nb_App MAP 0.000464792418577 MPk 0.02 MRk 0.00792068709847

1 m=2
1 min
10 m=2
1 min?
MAP user vectors 0.0512102904282 Nb_App 0.011357265066 Fol 0.0141605287517
MPk 0.09702 0.05973 0.0501 MRk 0.0316517408386 0.0175013838088 0.0156080074582
1 m=2?
MAP user vectors 0.0271699768771 Nb_App 0.00522650849084 Fol 0.00926198721595
MPk 0.07685 0.04036 0.04103 MRk 0.0409415450658 0.016877619607 0.0219584414249

10 m=2
MAP 0.0477590876383 MPk 0.0958235294118 MRk 0.0379722772831
Nb_App MAP 0.00317143044912 MPk 0.0346470588235 MRk 0.0146639644243
Fol MAP 0.00611475897257 MPk 0.0300588235294 MRk 0.0116280827061

k=500, min
s=1, around 0.05
large increase in precision values from one sample only -
MAP 0.00942218631748 MPk 0.047 MRk 0.0293855954182
Nb_App Avg precision 1.45518112989e-05
Nb_App Precision 0.004 Recall 0.00387596899225
Nb_App MAP 0.00209565225468 MPk 0.024 MRk 0.00585258045904
Fol Avg precision 0.00022103635455
Fol Precision 0.014 Recall 0.0135658914729
Fol MAP 0.00298310794745 MPk 0.0455 MRk 0.0266949482766
	Avg precision 0.706013109386 num of users not found 228 num of adopters in seq 2678
	Precision 0.812 Recall 0.151605675878
	MAP 0.148740370931 MPk 0.2 MRk 0.0538296115101
	Nb_App Avg precision 0.00272987362219
	Nb_App Precision 0.022 Recall 0.00410754294249
	Nb_App MAP 0.00222249652818 MPk 0.0236 MRk 0.00550357295573
	Fol Avg precision 0.000920537298217
	Fol Precision 0.03 Recall 0.00560119492158
	Fol MAP 0.0025705938176 MPk 0.0424 MRk 0.0224761976056
Avg precision 1.65072888776e-05 num of users not found 4 num of adopters in seq 550
Precision 0.004 Recall 0.00363636363636
MAP 0.123953060324 MPk 0.167333333333 MRk 0.0454640701978

Completed
MAP user vectors 0.0346402761961 Nb_App 0.00485352715384 Fol 0.0166233327104
MPk 0.09314 0.0297 0.0623 MRk 0.0347566426907 0.00917120676845 0.021782833514
/mnt/filer01/word2vec/node_vectors_1hr_bfsr.txt 10 False 2 500

number of seq considered 3936
MAP user vectors 0.0294984791322 Nb_App 0.0063778041004 Fol 0.00401368161317
MPk 0.0728490853659 0.0350914634146 0.0316580284553 MRk 0.0288377884404 0.00994511688924 0.011290399068
number of seq considered 100
MAP user vectors 0.038689565289 Nb_App 0.0080909440676 Fol 0.00730725838732
MPk 0.08568 0.04298 0.04846 MRk 0.0251624601208 0.0115052806675 0.0159527749203
/mnt/filer01/word2vec/node_vectors_1hr_bfsr.txt 1 False 2 500

MAP user vectors 0.0225369832975 Nb_App 0.0034242563041 Fol 0.00977795944119
MPk 0.0568 0.0168 0.0369 MRk 0.0191519488688 0.00306500650557 0.0154419819735
MAP ([0.02253698329749735, 0.054446196802352555, 0.00028665028665028668], [0.0034242563040965692, 0.013575484438205564, 0.0], [0.0097779594411882623, 0.029026451838294918, 0.00034995112414467255])
MPk ([0.056799999999999962, 0.10671344807473897, 0.01], [0.016800000000000006, 0.036107616924964746, 0.0], [0.036899999999999974, 0.06808369848943284, 0.01])
MRk ([0.019151948868845341, 0.040028419756443709, 0.0026130024411523652], [0.0030650065055681862, 0.0051697327324591105, 0.0], [0.015441981973535315, 0.046292707255134874, 0.0028736581337737406])
/mnt/filer01/word2vec/node_vectors_1hr_bfsr.txt 10 False 2 100

MAP user vectors 0.0146955943456 Nb_App 0.00365795558041 Fol 0.00224464227437
MPk 0.0349 0.0152 0.0141 MRk 0.0145725512041 0.00424640491819 0.0064376392808
MAP ([0.014695594345584997, 0.078308023428255547, 5.6818181818181818e-05], [0.0036579555804111996, 0.010927042193513398, 0.0], [0.0022446422743676304, 0.0099435998181246002, 0.0])
MPk ([0.034899999999999987, 0.091700545254649379, 0.0050000000000000001], [0.015200000000000007, 0.028088431782497245, 0.0], [0.014100000000000007, 0.035102564008915343, 0.0])
MRk ([0.014572551204093613, 0.033466089830705058, 0.00037174721189591077], [0.0042464049181936605, 0.008253468446788835, 0.0], [0.006437639280796683, 0.022287944675624463, 0.0])
/mnt/filer01/word2vec/node_vectors_1hr_bfsr.txt 1 False 2 100

MAP user vectors 0.0236155403967 Nb_App 0.00139019922268 Fol 0.00403670506202
MPk 0.05445 0.0141 0.01785 MRk 0.01861897537 0.00439780344373 0.00515788740441
MAP ([0.023615540396707265, 0.074214232629193896, 0.00044791629454982791], [0.0013901992226783377, 0.0049468828851298476, 4.2989417989417985e-05], [0.0040367050620187953, 0.031316466636309173, 4.554865424430642e-05])
MPk ([0.054449999999999978, 0.11350968020393672, 0.0074999999999999997], [0.014099999999999991, 0.025810656713845938, 0.0050000000000000001], [0.017849999999999987, 0.058469030263892635, 0.0050000000000000001])
MRk ([0.018618975369958685, 0.03183036506367589, 0.0026528185317317909], [0.0043978034437327533, 0.008957558337484824, 0.0021245867605411322], [0.0051578874044140013, 0.0090356703736126486, 0.001960814468503937])
/mnt/filer01/word2vec/node_vectors_1hr_bfsr.txt 1 False 2 200

MAP user vectors 0.038499584227 Nb_App 0.00701573124594 Fol 0.0151489329676
MPk 0.0819 0.0328 0.055 MRk 0.0239902781329 0.00592680161861 0.0166151793223
user vectors ([0.038499584227004197, 0.10604566938013503, 0.0018984976476646592], [0.0070157312459446976, 0.019087490979283969, 0.00035855993285182242], [0.015148932967614411, 0.031271696021431872, 0.00046021699819168171])
Nb_App ([0.081900000000000001, 0.1454695500783583, 0.022499999999999999], [0.032799999999999975, 0.055602697776276994, 0.012500000000000001], [0.054999999999999979, 0.079454389431924996, 0.01])
Fol ([0.023990278132919256, 0.038861145958150628, 0.0051068821689259645], [0.0059268016186111664, 0.0068539140336366317, 0.0039305019305019302], [0.016615179322306956, 0.026676101110309491, 0.0041600214376169668])
/mnt/filer01/word2vec/node_vectors_1hr_bfsr.txt 10 False 2 200

MAP user vectors 0.0458754464985 Nb_App 0.00687602678682 Fol 0.0167400804507
MPk 0.10608 0.03854 0.06568 MRk 0.0427129322024 0.0099893568926 0.0253114886692
/mnt/filer01/word2vec/node_vectors_1hr_bfsr.txt 20 False 2 500

MAP user vectors 0.0518675100829 Nb_App 0.00449967313004 Fol 0.01417356402
MPk 0.0926 0.0201 0.047 MRk 0.0258647573552 0.00311382539327 0.0142766326523
/mnt/filer01/word2vec/node_vectors_1hr_bfsr.txt 20 False 2 100

MAP user vectors 0.028240118603 Nb_App 0.00600819815132 Fol 0.0161270532371
MPk 0.0694 0.02 0.05855 MRk 0.0251452200839 0.00409467268393 0.021383265172
/mnt/filer01/word2vec/node_vectors_1hr_bfsr.txt 20 False 2 200

MAP user vectors 0.0567691767148 Nb_App 0.00393725013778 Fol 0.0145635984299
MPk 0.11678 0.02984 0.0534 MRk 0.0428583077964 0.00893378293048 0.020302741236
MAP ([0.056769176714776347, 0.11934383202901862, 0.0019600067572248356], [0.0039372501377764749, 0.0087099830698601725, 0.00049045042395821383], [0.014563598429914972, 0.041072971661329997, 0.00081828260980936667])
MPk ([0.11677999999999997, 0.17478281265616483, 0.027], [0.029839999999999981, 0.035354977018801761, 0.016], [0.053399999999999961, 0.084039276531869309, 0.014999999999999999])
MRk ([0.042858307796361891, 0.066068187682995369, 0.010951964359074239], [0.0089337829304837121, 0.0074260679978210972, 0.0061686999120116048], [0.020302741236016528, 0.03302910571958486, 0.0059576856201712094])
/mnt/filer01/word2vec/node_vectors_1hr_pr.txt 10 False 2 500 (Nb_App wrong, bfs one used)

MAP user vectors 0.0259659350378 Nb_App 0.00882490622199 Fol 0.0121015019303
MPk 0.0754 0.04396 0.05066 MRk 0.0259206167674 0.0118412461766 0.0177630597944
MAP ([0.025965935037844039, 0.0709991851560485, 0.0021022197764032232], [0.0088249062219870958, 0.024728724666569186, 0.0010714779213254085], [0.012101501930285186, 0.028914979877261257, 0.00094387327359987455])
MPk ([0.075399999999999981, 0.11286115363578379, 0.025999999999999999], [0.043959999999999978, 0.06199998709677286, 0.024], [0.050659999999999962, 0.074341942401312033, 0.019])
MRk ([0.025920616767414903, 0.044142649672356676, 0.0076427050192801067], [0.011841246176615607, 0.011362282920028189, 0.0085919421255508388], [0.017763059794373644, 0.028827184140994302, 0.0056474834833518759])
/mnt/filer01/word2vec/node_vectors_1hr_pr.txt 10 True 8 500 (Nb_App wrong, bfs one used)

MAP user vectors 0.0373146886088 Nb_App 0.00709884001788 Fol 0.0160487592987
MPk 0.09566 0.03786 0.06054 MRk 0.0320024884309 0.00888799913948 0.0211159442339
MAP ([0.037314688608819313, 0.083461987347945549, 0.0027403328118513802], [0.0070988400178828735, 0.01879099748798585, 0.00047214949029173163], [0.016048759298671281, 0.042329941889197982, 0.0012454047371551098])
MPk ([0.095659999999999967, 0.13767848197884808, 0.032000000000000001], [0.037859999999999984, 0.05523061107755374, 0.014999999999999999], [0.060539999999999948, 0.088929569885387375, 0.025999999999999999])
MRk ([0.032002488430919643, 0.049558886407765491, 0.011346919844699647], [0.0088879991394818572, 0.0098889529382823558, 0.005797150154590671], [0.021115944233895321, 0.032013859237997787, 0.0072206613009680263])
/mnt/filer01/word2vec/node_vectors_1hr_bfsr.txt 10 True 8 500

MAP user vectors 0.0444522275928 Nb_App 0.00654129344423 Fol 0.00890995238427
MPk 0.11378 0.03402 0.0431 MRk 0.0425637101239 0.00916396385724 0.0197723103486
MAP ([0.044452227592788579, 0.087053835847130265, 0.0066865995936169877], [0.006541293444234186, 0.020857674619086337, 0.00041753982687177155], [0.0089099523842696184, 0.020173681798619572, 0.00099810380375328351])
MPk ([0.11377999999999998, 0.14387269233596761, 0.055], [0.034019999999999974, 0.054035170028417609, 0.017000000000000001], [0.043099999999999951, 0.058908997614965389, 0.017000000000000001])
MRk ([0.042563710123938309, 0.055711016505423365, 0.027577503795199874], [0.0091639638572421443, 0.0073330424662572799, 0.007594248192476739], [0.019772310348602086, 0.031896505189169755, 0.0071232523360152105])
/mnt/filer01/word2vec/node_vectors_1hr_bfsr.txt 10 2 8 500

MAP user vectors 0.026039330934 Nb_App 0.00737104223568 Fol 0.00435952937208
MPk 0.06476 0.03556 0.0293 MRk 0.0257739219784 0.0100485623818 0.00998579923828
MAP ([0.026039330933973048, 0.076338788018988413, 0.00024219013846673421], [0.0073710422356783947, 0.030955470350577989, 0.00033466244296535895], [0.0043595293720753566, 0.020926223903208425, 0.00021169857199481525])
MPk ([0.064759999999999956, 0.12847031719428423, 0.01], [0.035559999999999981, 0.062194906543864191, 0.014], [0.029299999999999993, 0.055374633181629301, 0.01])
MRk ([0.02577392197836096, 0.047803934650921524, 0.0030035109369474693], [0.010048562381834783, 0.0092716984536908055, 0.0067214779011457101], [0.0099857992382768653, 0.014517030651143244, 0.0044150325523371406])
/mnt/filer01/word2vec/node_vectors_1hr_bfsr_timeonly.txt 1 0 8 500

MAP user vectors 0.0225238070722 Nb_App 0.00464569099283 Fol 0.00254599119184
MPk 0.05694 0.0333 0.0272 MRk 0.0223882830691 0.00949489705442 0.0112822256511
MAP ([0.022523807072173874, 0.084249609590734895, 0.0001338291802812607], [0.0046456909928269058, 0.015560872300516631, 0.00047627310876233273], [0.0025459911918413731, 0.0064344558128746673, 0.00028826419842772563])
MPk ([0.05693999999999997, 0.11607323722546899, 0.0080000000000000002], [0.033299999999999982, 0.050561151094491531, 0.014999999999999999], [0.027199999999999992, 0.035283990704000588, 0.014])
MRk ([0.022388283069132577, 0.040964180776428626, 0.0027198023941601554], [0.0094948970544185777, 0.0088126729376711305, 0.0059232838264530463], [0.011282225651133517, 0.01686545087650904, 0.0052349992276691047])
/mnt/filer01/word2vec/node_vectors_1hr_bfsr_loc.txt 1 0 8 500

MAP user vectors 0.0569202080074 Nb_App 0.00538413600122 Fol 0.0283145575133
MPk 0.1208 0.03402 0.08774 MRk 0.0452599374593 0.0104777103151 0.0306962671185
MAP ([0.056920208007388499, 0.12708732820764784, 0.0040037535016740683], [0.0053841360012249527, 0.01454082996788021, 0.00060646354959725162], [0.028314557513253111, 0.061311128825061505, 0.0028462376610718016])
MPk ([0.12079999999999998, 0.17404298319668046, 0.053999999999999999], [0.03401999999999996, 0.048255565482128587, 0.017999999999999999], [0.087739999999999971, 0.11731586593466371, 0.041000000000000002])
MRk ([0.045259937459291751, 0.066830257779577434, 0.014539883364633785], [0.010477710315132987, 0.010471607170200532, 0.0066372460934059161], [0.030696267118461497, 0.037089000626309869, 0.014622070783157909])
/mnt/filer01/word2vec/node_vectors_1hr_bfsr.txt 30 0 8 500

MAP user vectors 0.0273723817425 Nb_App 0.00686485488847 Fol 0.0239565798502
MPk 0.0831 0.03938 0.08188 MRk 0.0360291162119 0.00912666027268 0.0296319483363
MAP ([0.027372381742516914, 0.059747208020947518, 0.0029602236440846134], [0.0068648548884671238, 0.016229535921723253, 0.00074245360007800325], [0.02395657985016978, 0.056417794345973382, 0.0039362386698745533])
MPk ([0.083099999999999938, 0.10924554910841906, 0.035999999999999997], [0.039379999999999964, 0.054666036988243433, 0.019], [0.081879999999999994, 0.10363814741686576, 0.044999999999999998])
MRk ([0.036029116211864665, 0.054252115281240486, 0.011392131431041938], [0.0091266602726819308, 0.0077562360201179365, 0.0074058839391404896], [0.02963194833626126, 0.038472153816344098, 0.013899504227309359])
/mnt/filer01/word2vec/node_vectors_1hr_bfsr.txt 40 0 8 500

Running

-7339 shoot up after this to 0.06 MAP
/mnt/filer01/word2vec/node_vectors_1hr_bfsr.txt 20 False 2 100
MAP 0.04621347238 MPk 0.0865 MRk 0.028614679351
Nb_App Avg precision 0.000769230769231 Precision 0.01 Recall 0.00314465408805
Nb_App MAP 0.00450728978822 MPk 0.017625 MRk 0.00333486244869
Fol Avg precision 0.108136822743 Precision 0.29 Recall 0.0911949685535
Fol MAP 0.0146184832012 MPk 0.047625 MRk 0.015737120985

incorrect

MAP user vectors 0.0568717107006 Nb_App 0.00697583277804 Fol 0.0205692665625
MPk 0.11986 0.03658 0.07182 MRk 0.0399930179148 0.00936419204491 0.0277502695636
MAP ([0.056871710700567082, 0.13021242810420691, 0.0021744627615595436], [0.0069758327780422283, 0.023929246821013408, 0.00076149362182152919], [0.020569266562532378, 0.044963304914953636, 0.0012639068802059838])
MPk ([0.11985999999999995, 0.18822821361315631, 0.028999999999999998], [0.036579999999999974, 0.055935888300803795, 0.019], [0.071819999999999884, 0.10151614452883836, 0.024])
MRk ([0.039993017914806361, 0.070458017417360963, 0.010730618454368773], [0.0093641920449073126, 0.0087101175111541466, 0.0070492602328734383], [0.027750269563592989, 0.040834160070658529, 0.00983186625073444])
/mnt/filer01/word2vec/node_vectors_1hr_bfsr_timeonly.txt 20 0 8 500

MAP user vectors 0.0247657868398 Nb_App 0.00435964400978 Fol 0.0137751451139
MPk 0.06306 0.03228 0.05772 MRk 0.0272300523434 0.0088853788233 0.0284974077663
MAP ([0.024765786839793125, 0.069453537023539111, 0.0005794960347681908], [0.0043596440097803538, 0.011496410829364598, 0.00067791848115783602], [0.013775145113907874, 0.027506592319313551, 0.0019441288477165691])
MPk ([0.063059999999999922, 0.11612560613404779, 0.016], [0.032279999999999982, 0.041769864735237056, 0.016], [0.057719999999999966, 0.073887492852308889, 0.026000000000000002])
MRk ([0.027230052343435108, 0.055454513134522217, 0.0048184758674453274], [0.008885378823295844, 0.0069495291715693059, 0.0067289190718732312], [0.028497407766349282, 0.043605145341262266, 0.0076234838754671141])
/mnt/filer01/word2vec/node_vectors_1hr_bfsr_loc.txt 10 0 8 500

MAP user vectors 0.018590677569 Nb_App 0.00434105222153 Fol 0.012815187803
MPk 0.04468 0.03184 0.05236 MRk 0.0171406401791 0.00957408806423 0.0205108644817
MAP ([0.018590677569042612, 0.089925022302418445, 0.00014429628095389603], [0.0043410522215285106, 0.011924395108326956, 0.00062477935321871285], [0.012815187803002575, 0.029554186913270008, 0.0012332949562904364])
MPk ([0.044679999999999984, 0.12125649508376861, 0.0060000000000000001], [0.031839999999999993, 0.039393075533651851, 0.017999999999999999], [0.052359999999999983, 0.073943967975758501, 0.025000000000000001])
MRk ([0.017140640179098415, 0.044680994408059144, 0.0029684605200258184], [0.0095740880642324402, 0.0088183464463324965, 0.0070764005383510816], [0.020510864481712882, 0.027194513002071357, 0.0072371802509127049])
/mnt/filer01/word2vec/node_vectors_1hr_bfsr_loc.txt 20 0 8 500

MAP user vectors 0.0657486742142 Nb_App 0.00724357063196 Fol 0.0203465971866
MPk 0.12238 0.04092 0.0652 MRk 0.0372750990984 0.0108627133509 0.0212468279702
MAP ([0.065748674214177363, 0.15395758173784613, 0.0034645359122943984], [0.007243570631955111, 0.025048584577357126, 0.0012352664426553658], [0.020346597186648191, 0.047937776376740994, 0.00064272614506411527])
MPk ([0.12237999999999992, 0.19316929259072213, 0.027999999999999997], [0.040919999999999949, 0.058360548318191791, 0.023], [0.06519999999999998, 0.10390919112378848, 0.017000000000000001])
MRk ([0.037275099098370686, 0.068370723531649205, 0.011527585022441209], [0.010862713350946067, 0.009978142090932611, 0.0080080663492193005], [0.021246827970177688, 0.040214886805636188, 0.0063366307953014785])
/mnt/filer01/word2vec/node_vectors_1hr_bfsr_timeonly.txt 10 0 8 500

seq with adopters >= 500 and in train seq
timeonly - excluding large hashtags
loc - all hashtags

Starting training using file degree_distribution/sentences_files_timeonly/userSentencesComb
Vocab size: 2447581
Words in train file: 923142179
Alpha: 0.000002  Progress: 99.99%  Words/thread/sec: 13.53k
real    582m18.559s
user    11352m3.844s
sys     25m26.436s

pr avg 500

MAP user vectors 0.0142147197907 Nb_App 0.00422637558509 Fol 0.00287866222089
MPk 0.04756 0.0302 0.02736 MRk 0.0184697236732 0.00994001487958 0.0115649743274
MAP ([0.014214719790688517, 0.042752124140081497, 0.00018964214731242166], [0.0042263755850929386, 0.012396657603814518, 0.00056245908195623007], [0.0028786622208943295, 0.009138187506472821, 0.0002517955868703657])
MPk ([0.047559999999999963, 0.087344183549907931, 0.0080000000000000002], [0.03019999999999997, 0.044149292180056546, 0.016], [0.027359999999999985, 0.040701724779178571, 0.012])
MRk ([0.018469723673209117, 0.03177990166219629, 0.0044674001845918451], [0.0099400148795808895, 0.0082278027696247973, 0.0075953309188216567], [0.011564974327411532, 0.019608634522890932, 0.0062655821849703485])
/mnt/filer01/word2vec/node_vectors_1hr_pr.txt 1 2 8 500

MAP user vectors 0.0581945835957 Nb_App 0.00749434676082 Fol 0.0139564840823
MPk 0.13582 0.03988 0.05718 MRk 0.051594618204 0.0100608833571 0.0216021639516
MAP ([0.058194583595700899, 0.11725553394574842, 0.010251585535078021], [0.0074943467608201489, 0.017488012296173201, 0.00051882735460468451], [0.013956484082335236, 0.029557847342819493, 0.00075444691998066346])
MPk ([0.13582, 0.16095616670385762, 0.075999999999999998], [0.039879999999999957, 0.059000894908467286, 0.017999999999999999], [0.057179999999999967, 0.079325705795788543, 0.023])
MRk ([0.05159461820395652, 0.063902293632024487, 0.028307406417503064], [0.010060883357057619, 0.0098443954047644274, 0.0072624698613622668], [0.021602163951602721, 0.032705564094936836, 0.008035368529753454])
/mnt/filer01/word2vec/node_vectors_1hr_pr.txt 10 2 8 500

MAP user vectors 0.0512434416659 Nb_App 0.00813498084383 Fol 0.0128260905333
MPk 0.14112 0.03616 0.06306 MRk 0.0602551368708 0.00947009115382 0.0278615537105
MAP ([0.051243441665946368, 0.076868572635767712, 0.018580356339514895], [0.0081349808438319592, 0.027069901248682617, 0.00036443627938951038], [0.012826090533334011, 0.021169587503210172, 0.0022339185243444772])
MPk ([0.14112, 0.13380951236739488, 0.11699999999999999], [0.036159999999999991, 0.062653127615467055, 0.014999999999999999], [0.063059999999999949, 0.068929793268223266, 0.035999999999999997])
MRk ([0.06025513687078287, 0.067724941270679725, 0.033791528627174799], [0.0094700911538194571, 0.0088433701131767593, 0.0068159446665908355], [0.027861553710540107, 0.034149836483393314, 0.014085454828792837])
/mnt/filer01/word2vec/node_vectors_1hr_pr.txt 20 2 8 500

MAP user vectors 0.0794337445847 Nb_App 0.0126276098174 Fol 0.025826081746
MPk 0.16476 0.04238 0.08708 MRk 0.0553767348108 0.00849002729194 0.0260932883736
MAP ([0.079433744584743782, 0.13630164885435897, 0.018041333395035934], [0.012627609817411765, 0.055155162533378765, 0.00047002918826765641], [0.025826081746046569, 0.050841678744803144, 0.0026561953043372135])
MPk ([0.16475999999999991, 0.17692569739865374, 0.105], [0.042379999999999945, 0.089169813277812746, 0.02], [0.087079999999999991, 0.10746066070893107, 0.042000000000000003])
MRk ([0.055376734810797856, 0.063179841880933396, 0.030727244168695517], [0.0084900272919429878, 0.0066097396435696315, 0.0069768951194184841], [0.026093288373621952, 0.030037750281927584, 0.013210436244633261])
/mnt/filer01/word2vec/node_vectors_1hr_pr.txt 30 2 8 500

MAP user vectors 0.0462953639315 Nb_App 0.0071485015283 Fol 0.015219953842
MPk 0.1182 0.03624 0.06104 MRk 0.0475105917535 0.00912514998965 0.0273962204585
MAP ([0.046295363931496789, 0.12179032047624938, 0.0099712363140420316], [0.0071485015282955859, 0.021406009400147578, 0.00061082031155951602], [0.015219953841982041, 0.047751340795640751, 0.0010153747577797303])
MPk ([0.1182, 0.14943185737987735, 0.071000000000000008], [0.03623999999999996, 0.056907138392296615, 0.017000000000000001], [0.061039999999999976, 0.0867338365345382, 0.024])
MRk ([0.047510591753480574, 0.067596225099562562, 0.028158537061503217], [0.0091251499896490632, 0.0075869328558082691, 0.007317171110261738], [0.027396220458533359, 0.043477112795010799, 0.010322037971641433])
/mnt/filer01/word2vec/node_vectors_1hr_pr.txt 40 2 8 500

MAP user vectors 0.0390589278012 Nb_App 0.00376216794247 Fol 0.0130975620273
MPk 0.0937 0.02756 0.05098 MRk 0.037807363772 0.00886016546474 0.019430538384
MAP ([0.039058927801170935, 0.10527036669052225, 0.0032977327298611431], [0.0037621679424748107, 0.017537927799079176, 0.00055832188608589408], [0.013097562027251373, 0.044489922893188906, 0.0010700522529193822])
MPk ([0.093699999999999992, 0.14141778530298083, 0.044999999999999998], [0.02755999999999998, 0.04293304554768973, 0.014999999999999999], [0.050979999999999963, 0.079932719208094014, 0.019])
MRk ([0.037807363772047187, 0.058636942845129082, 0.014514766385664034], [0.0088601654647410648, 0.0081605536213209557, 0.0061985010615889236], [0.019430538384046743, 0.026168067230048431, 0.0098524558338186768])
/mnt/filer01/word2vec/node_vectors_1hr_pr.txt 10 0 8 500

MAP user vectors 0.0430848911551 Nb_App 0.00761891792655 Fol 0.01815806702
MPk 0.10058 0.0411 0.0669 MRk 0.0405380578325 0.0115074853787 0.0246827898613
MAP ([0.04308489115512331, 0.10764190188197705, 0.0036858594032471931], [0.0076189179265487147, 0.018918874795491876, 0.00087258493282113114], [0.018158067020027119, 0.041421503534169207, 0.0011686173462771938])
MPk ([0.10058000000000003, 0.15365657681986802, 0.031], [0.041099999999999956, 0.056781951357803846, 0.023], [0.066899999999999973, 0.090817344158481098, 0.028000000000000001])
MRk ([0.040538057832526168, 0.066971794642838034, 0.011061863625242316], [0.011507485378729736, 0.0099804757349852176, 0.0089755615543796602], [0.024682789861310866, 0.042360209180329712, 0.0082502273961666574])
/mnt/filer01/word2vec/node_vectors_1hr_pr.txt 20 0 8 500

MAP user vectors 0.0287828247774 Nb_App 0.00728105435859 Fol 0.0265495866815
MPk 0.08948 0.03962 0.08814 MRk 0.0270196903878 0.00901614305482 0.0247996517692
MAP ([0.028782824777407626, 0.060793278465236689, 0.0031957395146779933], [0.0072810543585918623, 0.019667611904881963, 0.00082179223627552151], [0.026549586681527043, 0.053962465937004288, 0.0036895662369866617])
MPk ([0.089479999999999935, 0.11658494585494306, 0.036999999999999998], [0.039619999999999968, 0.050131582859510838, 0.020999999999999998], [0.088139999999999982, 0.11230325195647721, 0.041000000000000002])
MRk ([0.027019690387775391, 0.042285687171394339, 0.01327759894633531], [0.0090161430548201353, 0.0077368410122802796, 0.0072191112975639252], [0.024799651769163131, 0.034124109338417384, 0.011705516705516707])
/mnt/filer01/word2vec/node_vectors_1hr_pr.txt 50 2 8 500

MAP user vectors 0.0431556715251 Nb_App 0.00869478376417 Fol 0.012003615537
MPk 0.10664 0.03964 0.04976 MRk 0.0464631944178 0.0115627019953 0.0229936151157
MAP ([0.043155671525059495, 0.09349564031374262, 0.0055941827998410888], [0.0086947837641736352, 0.026881008416673832, 0.00063554392684908102], [0.012003615536971005, 0.029106966370513857, 0.001364663703043108])
MPk ([0.10663999999999994, 0.13482429454664316, 0.052999999999999999], [0.039639999999999988, 0.061209397971226612, 0.02], [0.049759999999999957, 0.069208831806352553, 0.024])
MRk ([0.046463194417842094, 0.081142674372841256, 0.021153993053920538], [0.011562701995333437, 0.0093530605823817954, 0.0083291781386172943], [0.022993615115717993, 0.036068460308639541, 0.0076927628853778324])
/mnt/filer01/word2vec/node_vectors_1hr_pr.txt 10 0 8 500 unnorm

MAP user vectors 0.0493111059423 Nb_App 0.00676778669542 Fol 0.0253276547482
MPk 0.10926 0.03496 0.08732 MRk 0.0370819712239 0.00949898013879 0.0330892053299
MAP ([0.049311105942316955, 0.10799374936644758, 0.0036301454353374787], [0.0067677866954211118, 0.02077091886139365, 0.00052099529087391004], [0.025327654748234157, 0.044209902454574762, 0.0051250656740366154])
MPk ([0.10925999999999995, 0.16245236963491791, 0.032000000000000001], [0.034959999999999956, 0.051900273602361671, 0.017000000000000001], [0.087319999999999981, 0.10088180014254304, 0.052000000000000005])
MRk ([0.037081971223881349, 0.064129080294784854, 0.011116600790513834], [0.0094989801387857196, 0.009578025924481837, 0.0063130820767044859], [0.033089205329918298, 0.040754548243184849, 0.012022030608098956])
/mnt/filer01/word2vec/node_vectors_1hr_bfsr.txt 40 0 8 500 False unnorm

min n10 k500 pr_sgng
MAP user vectors 0.0246172786959 Nb_App 0.00367562236003 Fol 0.0217812820048
MPk 0.06006 0.02816 0.06736 MRk 0.0300181934685 0.00999463154201 0.0305340224271
MAP ([0.024617278695851622, 0.060738702682150529, 0.00097738294314955211], [0.0036756223600300326, 0.0083130627281992071, 0.00054349521905530651], [0.021781282004795625, 0.052168062579543553, 0.001900658022094214])
MPk ([0.060059999999999947, 0.10315132766959426, 0.02], [0.028159999999999994, 0.02952243892363908, 0.017000000000000001], [0.067359999999999948, 0.098667068467650332, 0.027999999999999997])
MRk ([0.030018193468460706, 0.065762113625093765, 0.0065817688314211932], [0.0099946315420121577, 0.010277938446456599, 0.0077533648626820478], [0.030534022427059791, 0.048685379427966233, 0.0099924961724427979])
/mnt/filer01/word2vec/node_vectors_1hr_pr_sgng.txt 10 2 8 500 True

min n10 k500 pr_d50
MAP user vectors 0.0280636176096 Nb_App 0.00727176373934 Fol 0.0146204078993
MPk 0.07536 0.03854 0.05416 MRk 0.0300470567338 0.0100188262731 0.022750571962
MAP ([0.028063617609609709, 0.071911302693351498, 0.0019025005121310035], [0.0072717637393358396, 0.016399960864393128, 0.00076753386173219638], [0.014620407899335159, 0.037590433906925652, 0.00073762019577699989])
MPk ([0.075359999999999955, 0.12617476134314662, 0.025000000000000001], [0.038539999999999984, 0.048246744967925026, 0.021999999999999999], [0.054159999999999965, 0.084192009122006348, 0.016])
MRk ([0.030047056733792789, 0.060107754282966663, 0.0097384567458113809], [0.01001882627305084, 0.0083781845725306291, 0.0077071290944123313], [0.02275057196197261, 0.043800909801473213, 0.0052170485504926326])
/mnt/filer01/word2vec/node_vectors_1hr_pr_d50.txt 10 2 8 500 True

min n10 k500 pr_d300
MAP user vectors 0.0396933832357 Nb_App 0.00456292578059 Fol 0.0173307611162
MPk 0.0967 0.03218 0.05798 MRk 0.0376844322305 0.0104653413486 0.0226770404446
MAP ([0.039693383235695448, 0.093573466238029118, 0.0042623135536828134], [0.0045629257805856159, 0.0089093505039956611, 0.00071377407242569687], [0.017330761116211318, 0.050419863191203083, 0.001556214698919995])
MPk ([0.096699999999999953, 0.13521283223126418, 0.041999999999999996], [0.03218, 0.038743355559373006, 0.019], [0.057979999999999962, 0.093420552342618923, 0.020999999999999998])
MRk ([0.037684432230516561, 0.052149333280288958, 0.012046039030237293], [0.010465341348619676, 0.0093323395771447229, 0.007593183846264835], [0.022677040444575393, 0.035221680100823376, 0.0065539891914954129])
/mnt/filer01/word2vec/node_vectors_1hr_pr_d300.txt 10 2 8 500 True

min n10 k500 pr_d100_glove
MAP user vectors 0.042019284918 Nb_App 0.0054169715777 Fol 0.0178544827009
MPk 0.1015 0.03634 0.06532 MRk 0.0404589445481 0.00919721702314 0.0275451286853
MAP ([0.042019284918034971, 0.10471956010801206, 0.0037462197634441554], [0.0054169715777002969, 0.01111382882042033, 0.00069224627114461293], [0.017854482700856877, 0.037907483079969342, 0.0011367742001137764])
MPk ([0.10149999999999995, 0.15246307749747151, 0.042000000000000003], [0.03633999999999997, 0.042872886536831169, 0.017000000000000001], [0.065319999999999961, 0.089104980781098866, 0.025999999999999999])
MRk ([0.040458944548079308, 0.062664439889574139, 0.013226869912909354], [0.009197217023135966, 0.007272044929126485, 0.0077197577769421285], [0.027545128685275932, 0.041290709502482606, 0.0076562368132331842])
/mnt/filer01/glove/glove/node_vectors_1hr_pr_d100_glove.txt 10 2 8 500 True

12356
/mnt/filer01/word2vec/node_vectors_1hr_pr.txt 10 2 8 500
num users in train sequences 2574807
kdtree tree built in 29830.0
Map Read
Follower file offset Read

2574807
103487 723463 3617312
1.92855141225 1921 0
training examples present 1929
training examples taken 200

weight learning

training examples taken 500 avg candidate set recall 0.115542495884
number of seq considered 100 cc 0.0962654933757
MAP user vectors 0.0469286461008 Nb_App 0.00459324975283 Fol 0.0157213332166
MPk 0.11046 0.03356 0.05152 MRk 0.0383496174964 0.0104105690486 0.0181952684969
MAP ([0.046928646100752064, 0.10112071386764353, 0.0050788224221974569], [0.0045932497528343198, 0.011198290408177582, 0.00077987760000819027], [0.015721333216605741, 0.04638736453086327, 0.00062654755820169892])
MPk ([0.11045999999999999, 0.14776274361286065, 0.051000000000000004], [0.033559999999999979, 0.038650826640577833, 0.025000000000000001], [0.051519999999999941, 0.08845026625171909, 0.014])
MRk ([0.038349617496396926, 0.051278058186935274, 0.019649906626007612], [0.010410569048560565, 0.011012636400782113, 0.0068604285309756784], [0.018195268496881262, 0.033094601250372696, 0.0044763979190208698])
/mnt/filer01/word2vec/node_vectors_1hr_pr.txt 10 0 8 500

tags remaining 3791
training examples present 1895
training examples taken 500 avg candidate set recall 0.152298115971
number of seq considered 100 cc 0.168470184143
MAP user vectors 0.0764569865619 Nb_App 0.00452500186414 Fol 0.0215245980685
MPk 0.14718 0.03138 0.07074 MRk 0.0518037011726 0.0089444462525 0.0258300858027
MAP ([0.076456986561890095, 0.14248535783159005, 0.006673268659639112], [0.0045250018641368375, 0.0144199982944327, 0.00061882404844926665], [0.021524598068520293, 0.05123670541377167, 0.0010308968751972316])
MPk ([0.14718000000000001, 0.19005243381761786, 0.059999999999999998], [0.031379999999999991, 0.043544639164884581, 0.016], [0.070739999999999956, 0.10298996261772309, 0.024])
MRk ([0.051803701172596472, 0.078085798051210353, 0.02060224311119235], [0.0089444462524964231, 0.0077168922475138006, 0.006862956730612514], [0.025830085802660219, 0.039668855653333945, 0.0085506070395149798])
/mnt/filer01/word2vec/node_vectors_1hr_pr.txt 20 0 8 500

tags remaining 3651
training examples present 1825
training examples taken 500 avg candidate set recall 0.209794173679
min MAP 0.0270077657776 MPk 0.0769 MRk 0.0301691008127
number of seq considered 100 cc 0.198178413343
MAP user vectors 0.0441728269842 Nb_App 0.005564787742 Fol 0.0174585103143
MPk 0.11588 0.04072 0.07158 MRk 0.0418015788042 0.010509528092 0.0243292790662
MAP ([0.044172826984203356, 0.082598872313997554, 0.0062303355372486406], [0.0055647877419968926, 0.012174774120813926, 0.0012525114529953136], [0.017458510314255569, 0.032619857445102297, 0.0018179458075647521])
MPk ([0.11587999999999996, 0.12857708038371379, 0.065000000000000002], [0.040719999999999965, 0.046945517357890515, 0.024], [0.071579999999999977, 0.081753431732252066, 0.034000000000000002])
MRk ([0.041801578804239917, 0.055613102873625316, 0.022616063969447427], [0.010509528092010311, 0.0081329957200040794, 0.0093493343205407701], [0.024329279066167605, 0.029665650880782171, 0.011778260618901429])
/mnt/filer01/word2vec/node_vectors_1hr_pr.txt 40 0 8 500

topic 500 lr max
MAP user vectors 0.0420796691144 Nb_App 0.00459324975283 Fol 0.0157213332166
MPk 0.10228 0.03356 0.05152 MRk 0.0354609400967 0.0104105690486 0.0181952684969
MAP ([0.042079669114435843, 0.09638366998658765, 0.0061934809823423805], [0.0045932497528343198, 0.011198290408177582, 0.00077987760000819027], [0.015721333216605741, 0.04638736453086327, 0.00062654755820169892])
MPk ([0.10228, 0.14389274338895622, 0.042999999999999997], [0.033559999999999979, 0.038650826640577833, 0.025000000000000001], [0.051519999999999941, 0.08845026625171909, 0.014])
MRk ([0.035460940096705161, 0.049210205052364391, 0.01473429067713538], [0.010410569048560565, 0.011012636400782113, 0.0068604285309756784], [0.018195268496881262, 0.033094601250372696, 0.0044763979190208698])
/mnt/filer01/word2vec/node_vectors_1hr_pr.txt 10 0 8 500

topic 500 rf
MAP user vectors 0.0462347541406 Nb_App 0.00459324975283 Fol 0.0157213332166
MPk 0.11022 0.03356 0.05152 MRk 0.0381753937986 0.0104105690486 0.0181952684969
MAP ([0.046234754140632661, 0.098983491509807148, 0.0067854661011054951], [0.0045932497528343198, 0.011198290408177582, 0.00077987760000819027], [0.015721333216605741, 0.04638736453086327, 0.00062654755820169892])
MPk ([0.11022, 0.14694050360605143, 0.052999999999999999], [0.033559999999999979, 0.038650826640577833, 0.025000000000000001], [0.051519999999999941, 0.08845026625171909, 0.014])
MRk ([0.038175393798644708, 0.050645414836123226, 0.020529052895712219], [0.010410569048560565, 0.011012636400782113, 0.0068604285309756784], [0.018195268496881262, 0.033094601250372696, 0.0044763979190208698])
/mnt/filer01/word2vec/node_vectors_1hr_pr.txt 10 0 8 500

topic 500 lsvc
MAP user vectors 0.0457195282042 Nb_App 0.00459324975283 Fol 0.0157213332166
MPk 0.10922 0.03356 0.05152 MRk 0.0387152185578 0.0104105690486 0.0181952684969
MAP ([0.045719528204231502, 0.099481491542162639, 0.0075169708833010352], [0.0045932497528343198, 0.011198290408177582, 0.00077987760000819027], [0.015721333216605741, 0.04638736453086327, 0.00062654755820169892])
MPk ([0.10921999999999996, 0.14602983119897106, 0.053000000000000005], [0.033559999999999979, 0.038650826640577833, 0.025000000000000001], [0.051519999999999941, 0.08845026625171909, 0.014])
MRk ([0.038715218557764282, 0.051547630169506066, 0.020241608928648812], [0.010410569048560565, 0.011012636400782113, 0.0068604285309756784], [0.018195268496881262, 0.033094601250372696, 0.0044763979190208698])
/mnt/filer01/word2vec/node_vectors_1hr_pr.txt 10 0 8 500

topic 500 lr
MAP user vectors 0.0469324735821 Nb_App 0.00459324975283 Fol 0.0157213332166
MPk 0.10974 0.03356 0.05152 MRk 0.0381483953845 0.0104105690486 0.0181952684969
MAP ([0.046932473582145473, 0.10167553559702455, 0.0058103401463207617], [0.0045932497528343198, 0.011198290408177582, 0.00077987760000819027], [0.015721333216605741, 0.04638736453086327, 0.00062654755820169892])
MPk ([0.10973999999999999, 0.14736367394985783, 0.051000000000000004], [0.033559999999999979, 0.038650826640577833, 0.025000000000000001], [0.051519999999999941, 0.08845026625171909, 0.014])
MRk ([0.038148395384523581, 0.051182873406211707, 0.018417333961375411], [0.010410569048560565, 0.011012636400782113, 0.0068604285309756784], [0.018195268496881262, 0.033094601250372696, 0.0044763979190208698])
/mnt/filer01/word2vec/node_vectors_1hr_pr.txt 10 0 8 500

topic 500 svc rbf
number of seq considered 100 cc 0.0962654933757
MAP user vectors 0.0439588207216 Nb_App 0.00459324975283 Fol 0.0157213332166
MPk 0.10372 0.03356 0.05152 MRk 0.0366446388302 0.0104105690486 0.0181952684969
MAP ([0.043958820721624735, 0.099982380360045683, 0.0055141417786484202], [0.0045932497528343198, 0.011198290408177582, 0.00077987760000819027], [0.015721333216605741, 0.04638736453086327, 0.00062654755820169892])
MPk ([0.10372000000000002, 0.14553103311665178, 0.040999999999999995], [0.033559999999999979, 0.038650826640577833, 0.025000000000000001], [0.051519999999999941, 0.08845026625171909, 0.014])
MRk ([0.036644638830238524, 0.050553086309241241, 0.016485568760611205], [0.010410569048560565, 0.011012636400782113, 0.0068604285309756784], [0.018195268496881262, 0.033094601250372696, 0.0044763979190208698])
/mnt/filer01/word2vec/node_vectors_1hr_pr.txt 10 0 8 500

logistic class_weight auto
MAP user vectors 0.0457459830675 Nb_App 0.00459324975283 Fol 0.0157213332166
MPk 0.10804 0.03356 0.05152 MRk 0.0376057714694 0.0104105690486 0.0181952684969
MAP ([0.045745983067521381, 0.10106241371781501, 0.0042310401596856589], [0.0045932497528343198, 0.011198290408177582, 0.00077987760000819027], [0.015721333216605741, 0.04638736453086327, 0.00062654755820169892])
MPk ([0.10804000000000002, 0.1470044842853441, 0.044999999999999998], [0.033559999999999979, 0.038650826640577833, 0.025000000000000001], [0.051519999999999941, 0.08845026625171909, 0.014])
MRk ([0.037605771469381585, 0.051445082070613532, 0.016793099981007073], [0.010410569048560565, 0.011012636400782113, 0.0068604285309756784], [0.018195268496881262, 0.033094601250372696, 0.0044763979190208698])
/mnt/filer01/word2vec/node_vectors_1hr_pr.txt 10 0 8 500

logistic
MAP user vectors 0.045545159281 Nb_App 0.00459324975283 Fol 0.0157213332166
MPk 0.1084 0.03356 0.05152 MRk 0.0373495129209 0.0104105690486 0.0181952684969
MAP ([0.045545159280953797, 0.10265383921210457, 0.003764291218685727], [0.0045932497528343198, 0.011198290408177582, 0.00077987760000819027], [0.015721333216605741, 0.04638736453086327, 0.00062654755820169892])
MPk ([0.1084, 0.14896066594910212, 0.045999999999999999], [0.033559999999999979, 0.038650826640577833, 0.025000000000000001], [0.051519999999999941, 0.08845026625171909, 0.014])
MRk ([0.037349512920863755, 0.051558297877807677, 0.015934658775367722], [0.010410569048560565, 0.011012636400782113, 0.0068604285309756784], [0.018195268496881262, 0.033094601250372696, 0.0044763979190208698])
/mnt/filer01/word2vec/node_vectors_1hr_pr.txt 10 0 8 500

linear svc dual
number of seq considered 100 cc 0.0962654933757
MAP user vectors 0.0450901775184 Nb_App 0.00459324975283 Fol 0.0157213332166
MPk 0.10968 0.03356 0.05152 MRk 0.0388523709028 0.0104105690486 0.0181952684969
MAP ([0.045090177518440633, 0.099656103542867525, 0.0056908995566644005], [0.004
5932497528343198, 0.011198290408177582, 0.00077987760000819027], [0.015721333216
605741, 0.04638736453086327, 0.00062654755820169892])
MPk ([0.10967999999999999, 0.1466273426070322, 0.043999999999999997], [0.0335599
99999999979, 0.038650826640577833, 0.025000000000000001], [0.051519999999999941,
 0.08845026625171909, 0.014])
MRk ([0.038852370902762098, 0.052177023674163749, 0.019021892695276738], [0.0104
10569048560565, 0.011012636400782113, 0.0068604285309756784], [0.018195268496881
262, 0.033094601250372696, 0.0044763979190208698])
/mnt/filer01/word2vec/node_vectors_1hr_pr.txt 10 0 8 500

rf 500 trees
MAP user vectors 0.0277175056033 Nb_App 0.00459324975283 Fol 0.0157213332166
MPk 0.08868 0.03356 0.05152 MRk 0.0303178959128 0.0104105690486 0.0181952684969
MAP ([0.027717505603250248, 0.066414876847147405, 0.0026529410179911717], [0.0045932497528343198, 0.011198290408177582, 0.00077987760000819027], [0.015721333216605741, 0.04638736453086327, 0.00062654755820169892])
MPk ([0.088679999999999981, 0.12074111809984202, 0.036000000000000004], [0.033559999999999979, 0.038650826640577833, 0.025000000000000001], [0.051519999999999941, 0.08845026625171909, 0.014])
MRk ([0.0303178959127758, 0.040342698361780796, 0.013167815934614354], [0.010410569048560565, 0.011012636400782113, 0.0068604285309756784], [0.018195268496881262, 0.033094601250372696, 0.0044763979190208698])
/mnt/filer01/word2vec/node_vectors_1hr_pr.txt 10 0 8 500

rf 100 trees class_weight
number of seq considered 100 cc 0.0962654933757
MAP user vectors 0.0217062385477 Nb_App 0.00459324975283 Fol 0.0157213332166
MPk 0.08098 0.03356 0.05152 MRk 0.0267874671645 0.0104105690486 0.0181952684969
MAP ([0.021706238547667654, 0.056902610628417935, 0.0023621456224059431], [0.0045932497528343198, 0.011198290408177582, 0.00077987760000819027], [0.015721333216605741, 0.04638736453086327, 0.00062654755820169892])
MPk ([0.080979999999999955, 0.11117103759522978, 0.037000000000000005], [0.033559999999999979, 0.038650826640577833, 0.025000000000000001], [0.051519999999999941, 0.08845026625171909, 0.014])
MRk ([0.026787467164462057, 0.033783279544202807, 0.012230978179755828], [0.010410569048560565, 0.011012636400782113, 0.0068604285309756784], [0.018195268496881262, 0.033094601250372696, 0.0044763979190208698])
/mnt/filer01/word2vec/node_vectors_1hr_pr.txt 10 0 8 500

rf 10 trees
number of seq considered 100 cc 0.0962654933757
MAP user vectors 0.0206558059024 Nb_App 0.00459324975283 Fol 0.0157213332166
MPk 0.07554 0.03356 0.05152 MRk 0.0252717685907 0.0104105690486 0.0181952684969
MAP ([0.020655805902386488, 0.056192705491033529, 0.0023125595795286634], [0.0045932497528343198, 0.011198290408177582, 0.00077987760000819027], [0.015721333216605741, 0.04638736453086327, 0.00062654755820169892])
MPk ([0.075539999999999954, 0.10718501947567113, 0.025999999999999999], [0.033559999999999979, 0.038650826640577833, 0.025000000000000001], [0.051519999999999941, 0.08845026625171909, 0.014])
MRk ([0.025271768590740609, 0.035042137173576578, 0.011309185526916947], [0.010410569048560565, 0.011012636400782113, 0.0068604285309756784], [0.018195268496881262, 0.033094601250372696, 0.0044763979190208698])
/mnt/filer01/word2vec/node_vectors_1hr_pr.txt 10 0 8 500

rbf with 40000 examples n 10
MAP user vectors 0.00875952473469 Nb_App 0.00459324975283 Fol 0.0157213332166
MPk 0.04816 0.03356 0.05152 MRk 0.0162036411871 0.0104105690486 0.0181952684969
MAP ([0.0087595247346869583, 0.018504521360928134, 0.0010247229427355828], [0.0045932497528343198, 0.011198290408177582, 0.00077987760000819027], [0.015721333216605741, 0.04638736453086327, 0.00062654755820169892])
MPk ([0.048159999999999981, 0.064915748474464963, 0.021999999999999999], [0.033559999999999979, 0.038650826640577833, 0.025000000000000001], [0.051519999999999941, 0.08845026625171909, 0.014])
MRk ([0.016203641187099948, 0.021357840289818502, 0.0077801347076047241], [0.010410569048560565, 0.011012636400782113, 0.0068604285309756784], [0.018195268496881262, 0.033094601250372696, 0.0044763979190208698])
/mnt/filer01/word2vec/node_vectors_1hr_pr.txt 10 0 8 500

individual topic train-test

topic train-test e100 rf precR
Precision [0.20331871031066184, 0.16789685188920309, 0.19081700913800892]

topic train-test e100 lr precR
Precision [0.17478005796622503, 0.15462111853707955, 0.15024166210815759]

topic train-test e100 rf n10 prec10
training examples taken 100 avg candidate set recall 0.156966748165 avg candidate set class ratio 0.0367601553553
Precision [0.29359999999999986, 0.26944209025317489, 0.22000000000000003] Recall [0.071592171866886073, 0.057387470927569857, 0.060624172149479946]

topic train-test e100 rf n10 prec100
training examples taken 100 avg candidate set recall 0.156966748165 avg candidate set class ratio 0.0367601553553
Precision [0.16585999999999992, 0.17581632574934561, 0.096000000000000002] Recall [0.31445788269799019, 0.16246578852476176, 0.3176810391577839]

topic train-test e100 lr
Precision [0.15196000000000004, 0.1595288011614204, 0.095000000000000001]

topic train-test e100 svc rbf
Precision [0.14879999999999996, 0.17232991614922813, 0.073000000000000009]

topic train-test e100 rf n20 prec10
training examples taken 100 avg candidate set recall 0.228513605625 avg candidate set class ratio 0.037648386519
Precision [0.33919999999999989, 0.29807274279947177, 0.23999999999999999] Recall [0.052683622245245004, 0.051991045559656272, 0.038056859320017219]
/mnt/filer01/word2vec/node_vectors_1hr_pr.txt 20 0 1000

topic train-test e100 rf n20 prec100
Precision [0.1908999999999999, 0.19250483110820887, 0.11800000000000001] Recall [0.2464684401679125, 0.12331099629763817, 0.23656476810420152]
/mnt/filer01/word2vec/node_vectors_1hr_pr.txt 20 0 1000

topic train-test e100 rf n30 prec10
training examples taken 100 avg candidate set recall 0.230520954591 avg candidate set class ratio 0.023964649892
Precision [0.3209999999999999, 0.26101915638512047, 0.26000000000000001] Recall [0.049873464219681092, 0.036656408879909154, 0.045929332127734632]
/mnt/filer01/word2vec/node_vectors_1hr_pr.txt 30 0 1000

topic train-test e100 rf n40 prec10
training examples taken 100 avg candidate set recall 0.293286688307 avg candidate set class ratio 0.0274387495919
Precision [0.36280000000000007, 0.29600027027014686, 0.29000000000000004] Recall [0.044710092972619693, 0.03712146491252942, 0.035799618099215384]
/mnt/filer01/word2vec/node_vectors_1hr_pr.txt 40 0 1000

individual topic train-test, stepwise min query

stepwise min n 10 k 500 step 100 thr 500
MAP user vectors 0.0308668422572 Nb_App 0.00499170446773 Fol 0.017065346812
MPk 0.06828 0.03192 0.05888 MRk 0.0249476430381 0.00927316784024 0.0224494847753
/mnt/filer01/word2vec/node_vectors_1hr_pr.txt 10 2 8 500 True

stepwise min n 10 k 100 thr 500
.057 .10

min n 10 k 100 thr 500
MAP user vectors 0.0790018978497 Nb_App 0.0274827509404 Fol 0.0366116352801
MPk 0.1361 0.0694 0.0953 MRk 0.0103398884839 0.00332904915247 0.00755120699894
/mnt/filer01/word2vec/node_vectors_1hr_pr.txt 10 2 8 100 True

stepwise min n 10 k 10 step 5 thr 500
MAP user vectors 0.172332539683 Nb_App 0.0475357142857 Fol 0.0828003968254
MPk 0.211 0.083 0.128 MRk 0.00154705973908 0.000492701131598 0.000988478282816
MAP ([0.1723325396825397, 0.30949482004965134, 0.0], [0.047535714285714264, 0.10013274140539911, 0.0], [0.082800396825396805, 0.15126041973097926, 0.0])
MPk ([0.21100000000000005, 0.32152604871145329, 0.0], [0.082999999999999977, 0.15751507864328421, 0.0], [0.12799999999999997, 0.19239542614105967, 0.0])
MRk ([0.0015470597390837987, 0.002639392860338219, 0.0], [0.00049270113159848852, 0.00095643918312592936, 0.0], [0.00098847828281587108, 0.0018168140861002692, 0.0])
/mnt/filer01/word2vec/node_vectors_1hr_pr.txt 10 2 8 10 True

min n 10 k 10 thr 500
MAP user vectors 0.163052777778 Nb_App 0.0490436507937 Fol 0.0830579365079
MPk 0.217 0.07 0.143 MRk 0.00145641307082 0.0003558957732 0.000947477565728
MAP ([0.16305277777777782, 0.2550950629210621, 0.025000000000000001], [0.049043650793650785, 0.14697082571419087, 0.0], [0.083057936507936483, 0.17273456514430119, 0.01])
MPk ([0.21700000000000003, 0.27606339851563089, 0.10000000000000001], [0.069999999999999993, 0.1813835714721706, 0.0], [0.14299999999999996, 0.20062651868584078, 0.10000000000000001])
MRk ([0.0014564130708180803, 0.0022055015758654399, 0.00058551863887054949], [0.00035589577320048075, 0.0011911087442569848, 0.0], [0.00094747756572839919, 0.0013992370618172521, 0.00017849973889410867])
/mnt/filer01/word2vec/node_vectors_1hr_pr.txt 10 2 8 10 True

individual topic train-test, stepwise training and prediction

topic train-test n 40 k 100 step 10 Logistic
training examples taken 100 avg candidate set recall 0.293286688307 avg candidate set class ratio 0.0274387495919
Precision [0.18956000000000001, 0.1928011576728729, 0.127] Recall [0.19038144728271916, 0.1153853365048489, 0.16836850614736137]
/mnt/filer01/word2vec/node_vectors_1hr_pr.txt 40 0 1000

topic train-test n 40 k 100 step 10 rf
Precision [0.20877999999999999, 0.19936757910954328, 0.13700000000000001] Recall [0.2174098504953223, 0.11519751619989674, 0.19880714290100748]
/mnt/filer01/word2vec/node_vectors_1hr_pr.txt 40 0 1000 100 10

topic train-test n 40 k 10 step 2 rf
Precision [0.36759999999999998, 0.29201068473602126, 0.30000000000000004] Recall [0.046399524217520777, 0.039064169677945834, 0.03577384603700394]
/mnt/filer01/word2vec/node_vectors_1hr_pr.txt 40 0 1000 10 2

topic train-test n 30 k 100 step 10 Logistic
training examples taken 100 avg candidate set recall 0.230520954591 avg candidate set class ratio 0.023964649892
Precision [0.16939999999999991, 0.16549743200424591, 0.124] Recall [0.22364673455087342, 0.10551567378473309, 0.2052630479082021]
/mnt/filer01/word2vec/node_vectors_1hr_pr.txt 30 0 1000

topic train-test n 30 k 100 step 10 rf
Precision [0.18600000000000008, 0.1757680289472463, 0.14699999999999999] Recall [0.24983443976090394, 0.10606680585780232, 0.23772350606909429]
/mnt/filer01/word2vec/node_vectors_1hr_pr.txt 30 0 1000 100 10

topic train-test n 30 k 10 step 2 rf
training examples taken 100 avg candidate set recall 0.230520954591 avg candidate set class ratio 0.023964649892
Precision [0.33460000000000006, 0.2618374304792957, 0.29999999999999999] Recall [0.051932165633835542, 0.035157789633163898, 0.044532421965057578]
/mnt/filer01/word2vec/node_vectors_1hr_pr.txt 30 0 1000 10 2

topic train-test n 20 k 100 step 10 Logistic
training examples taken 100 avg candidate set recall 0.228513605625 avg candidate set class ratio 0.037648386519
Precision [0.18171999999999994, 0.18628816816963975, 0.11600000000000001] Recall [0.2332431376776582, 0.11523214054686308, 0.22301744138770496]
/mnt/filer01/word2vec/node_vectors_1hr_pr.txt 20 0 1000

topic train-test n 20 k 100 step 10 rf
Precision [0.19880000000000003, 0.19312752263724611, 0.14500000000000002] Recall [0.26725250323794653, 0.12351156972068669, 0.25093710645274048]
/mnt/filer01/word2vec/node_vectors_1hr_pr.txt 20 0 1000 100 10

topic train-test n 20 k 10 step 2 rf
Precision [0.36159999999999981, 0.30611997647981087, 0.25] Recall [0.057036677740819046, 0.050812310800207552, 0.043639484372330548]
/mnt/filer01/word2vec/node_vectors_1hr_pr.txt 20 0 1000 10 2

topic train-test n 10 k 100 step 10 Logistic
Precision [0.16042000000000006, 0.16777539628920562, 0.112] Recall [0.31537510421373183, 0.16368662230933828, 0.30433618832148246]

topic train-test n 10 k 100 step 10 rf
Precision [0.17407999999999993, 0.17509949628711097, 0.107] Recall [0.35870031650767259, 0.15987379012164912, 0.3527534926877427]
/mnt/filer01/word2vec/node_vectors_1hr_pr.txt 10 0 1000 100 10

topic train-test n 10 k 10 step 5 rf
training examples taken 100 avg candidate set recall 0.156966748165 avg candidate set class ratio 0.0367601553553
Precision [0.309, 0.27171124378648748, 0.26000000000000001] Recall [0.077748382595691987, 0.067925542720150972, 0.072321371425740438]
/mnt/filer01/word2vec/node_vectors_1hr_pr.txt 10 0 1000 10 5

topic train-test n 10 k 10 step 2 rf
training examples taken 100 avg candidate set recall 0.156966748165 avg candidate set class ratio 0.0367601553553
Precision [0.32519999999999993, 0.29041515111990973, 0.28000000000000003] Recall [0.077668243193202618, 0.064609945488174073, 0.064564542402364547]
/mnt/filer01/word2vec/node_vectors_1hr_pr.txt 10 0 1000 10 2

topic train-test n 10 k 10 step 1 rf
Precision [0.30819999999999992, 0.27960107295931469, 0.26000000000000001] Recall [0.072255495144827153, 0.057080564603587534, 0.063872307239320608]
/mnt/filer01/word2vec/node_vectors_1hr_pr.txt 10 0 1000 10 1

individual topic train-test, stepwise training and prediction with threshold

topic train-test n 10 k 10 thr 0.65 rf
Precision [0.29539999999999994, 0.25919652775452068, 0.23999999999999999] Recall [0.068314635869383841, 0.054912609131017691, 0.05945254123681297]
/mnt/filer01/word2vec/node_vectors_1hr_pr.txt 10 0 1000 10 10 0.65

48371 stepwise topic train-test n 10 k 10 thr 0.65 rf
48525 stepwise topic train-test n 10 k 100 step 10 rf print
3539 n 50 c 6000,10000 cand set adopters count
b2 pr d 300 n 10-50 k 10 cc 0.3

c, cov 0.3,0.4,0.5
n10 4000,8000,15000
n20 2500,5000,10500
n30 1500,3000,7000
n40 1000,2250,6000
n50 750,2000,4500
r, cov 0.3,0.4,0.5
n10 .85,.95,1.05
n20 .8,.9,1.
n30 .75,.85,.95
n40 .75,.85,.92
n50 .72,.82,.91

topic train-test n 10 k 10 rf cluster 1000
training examples taken 100 avg candidate set recall 0.156966748165 avg candidate set class ratio 0.0367601553553
Precision [0.29680000000000001, 0.27053606044296569, 0.24000000000000002] Recall [0.075326335714670747, 0.061654476106377622, 0.06338492904694995]
/mnt/filer01/word2vec/node_vectors_1hr_pr.txt 10 0 1000

geography prediction

0.01
((0.095140787600538623, 0.41243529633916787), 0.41243529633916787, (0.15316770198969604, 0.41243529633916787), (0.090727388474343057, 0.41243529633916787))
((0.0025212327710188941, 0.21617055940035276), 0.21617055940035276, (0.001533124534754275, 0.21617055940035276), (0.0070921985815602835, 0.21617055940035276))

0.1
((0.12793143899352835, 0.42391400529619477), 0.42391400529619477, (0.22655466692661083, 0.42391400529619477), (0.11745370782210571, 0.42391400529619477))
((0.0025220417537951266, 0.21625492152112377), 0.21625492152112377, (0.0015337228476675444, 0.21625492152112377), (0.0070921985815602835, 0.21625492152112377))
Counter({6: 2147202})

with Fol baseline

0.1 1m
Fol ((0.18910084709982192, 0.39772444444444444), 357952, (0.265081887372563, 0.39772
444444444444), (0.16160073595702476, 0.39772444444444444))
Log ((0.11870111761670669, 0.42107333333333336), 378966, (0.1882103020364875, 0.42107333333333336), (0.10984342002752985, 0.42107333333333336))
Maj ((0.0025177313066390298, 0.21580555555555556), 194225, (0.00153053585500394, 0.21580555555555556), (0.0070921985815602835, 0.21580555555555556))

0.01 1m
Fol ((0.08662186417372901, 0.27183636363636365), 269118, (0.19423721407795894, 0.27183636363636365), (0.063368172710403695, 0.27183636363636365))
Log ((0.078321219835128131, 0.40378484848484847), 399747, (0.12118980253243104, 0.40378484848484847), (0.076860967701066582, 0.40378484848484847))
Maj ((0.0025172708823882959, 0.21575757575757576), 213600, (0.0015301955727487643, 0.21575757575757576), (0.0070921985815602835, 0.21575757575757576))

0.1 100k
Log ((0.084839905711060898, 0.26752222222222222), 24077, (0.18688067291254176, 0.26752222222222222), (0.061530783161473826, 0.26752222222222222)) 
Fol ((0.077336686854021688, 0.40315555555555554), 36284, (0.11485583335083362, 0.40315555555555554), (0.076654779276432355, 0.40315555555555554)) 
Maj ((0.0026787177610989405, 0.21674444444444443), 19507, (0.001629657477025898, 0.21674444444444443), (0.0075187969924812026, 0.21674444444444443))

0.1 100k
Fr ((0.088685739630307528, 0.26093333333333335), 23484, (0.18519393784298191, 0.26093333333333335), (0.06756666178170434, 0.26093333333333335))
Fol ((0.083893107331491371, 0.25459999999999999), 22914, (0.1770858398448619, 0.25459999999999999), (0.063097709462714258, 0.25459999999999999))
Log ((0.081536914828943624, 0.38795555555555555), 34916, (0.13242952579018791, 0.38795555555555555), (0.078757360665426948, 0.38795555555555555))
Maj ((0.0023686998273958243, 0.19706666666666667), 17736, (0.0014177458033573143, 0.19706666666666667), (0.0071942446043165471, 0.19706666666666667))

with Fol, Fr baseline, svm

0.1 1m
fr ((0.17830081759216784, 0.41011666666666668), 369105, (0.30859983047441308, 0.410
11666666666668), (0.15210582036501435, 0.41011666666666668))
fol ((0.18908852661869005, 0.39045000000000002), 351405, (0.26770485022829626, 0.390
45000000000002), (0.1618436162922782, 0.39045000000000002))
log ((0.11557254166421814, 0.40558888888888889), 365030, (0.18359582534125923, 0.40558888888888889), (0.10890902947165122, 0.40558888888888889))
maj ((0.0023290490080992441, 0.19645555555555555), 176810, (0.0013933018124507486, 0.19645555555555555), (0.0070921985815602835, 0.19645555555555555))

fr ((0.17134553139107225, 0.39966000000000007), 359694, (0.30564630650300351, 0.399
66000000000002), (0.14385041435230803, 0.39966000000000002))
fol ((0.18691605126513994, 0.38826666666666659), 349440, (0.2760803371456344, 0.38826666666666665), (0.15674459186493644, 0.38826666666666665))
log ((0.11729825472524683, 0.40593111111111113), 365338, (0.18299118265895772, 0.405
93111111111113), (0.11067531657757779, 0.40593111111111113))
maj ((0.0023267365214630245, 0.19622222222222219), 176600, (0.0013916469661150511, 0.19622222222222221), (0.0070921985815602835, 0.19622222222222221))

fr ((0.17057976608403225, 0.40526777777777784), 364741, (0.30659693932582727, 0.40526777777777778), (0.14391366269638761, 0.40526777777777778))
fol ((0.18591637305358485, 0.39151000000000002), 352359, (0.26668661883778449, 0.39151000000000002), (0.16052967218432118, 0.39151000000000002))
svm ((0.10748745951147153, 0.40716888888888886), 366452, (0.15195745055572596, 0.407
16888888888891), (0.11120416867473222, 0.40716888888888891))
log ((0.11537827914874636, 0.40583666666666668), 365253, (0.18511526795572514, 0.40583666666666668), (0.10912460098128636, 0.40583666666666668))
maj ((0.0023260756452870351, 0.19615555555555556), 176540, (0.0013911741528762804, 0
.19615555555555556), (0.0070921985815602835, 0.19615555555555556))

fr ((0.17294047652103908, 0.40797666666666665), 367179, (0.28819265681492062, 0.40797666666666665), (0.1456653641234163, 0.40797666666666665))
fol ((0.18574921702656688, 0.38868555555555556), 349817, (0.26975700431454258, 0.38868555555555556), (0.1585046860345514, 0.38868555555555556))
svm ((0.10857722633819181, 0.40712555555555557), 366413, (0.16504199890131138, 0.40712555555555557), (0.11131751048357882, 0.40712555555555557))
log ((0.11586318914976651, 0.40623777777777775), 365614, (0.19173618230243786, 0.40623777777777775), (0.10937806790081171, 0.40623777777777775))
maj ((0.0023331321976147604, 0.19686777777777778), 177181, (0.0013962253743104807, 0
.19686777777777778), (0.0070921985815602835, 0.19686777777777778))

0.05 1m
fr ((0.14805314379614923, 0.36587684210526317), 347583, (0.26749964594377573, 0.36587684210526317), (0.12171340155608386, 0.36587684210526317))
fol ((0.15640903894665481, 0.34211263157894739), 325007, (0.2365860066751235, 0.34211263157894739), (0.13142989034646843, 0.34211263157894739))
svm ((0.1095100692963985, 0.40701263157894735), 386662, (0.16926959987149884, 0.40701263157894735), (0.11183442330778316, 0.40701263157894735))
log ((0.10860012634493414, 0.40301052631578949), 382860, (0.16465303518724539, 0.40301052631578949), (0.10197335916059284, 0.40301052631578949)) 
maj ((0.0023319293710945222, 0.19674631578947369), 186909, (0.001395363941769317, 0.19674631578947369), (0.0070921985815602835, 0.19674631578947369))

0.01 1m
fr ((0.08686486577410478, 0.25401010101010102), 251470, (0.18415091131818637, 0.25401010101010102), (0.064994713803314397, 0.25401010101010102)) 
fol ((0.08955692092860118, 0.25468080808080806), 252134, (0.17795178608693929, 0.25468080808080806), (0.066138322216539563, 0.25468080808080806))
svm ((0.10566494567288912, 0.39689393939393941), 392925, (0.13845301371893257, 0.39689393939393941), (0.10927389380095386, 0.39689393939393941))
log ((0.079153572245386911, 0.38768080808080807), 383804, (0.13104404944332698, 0.38768080808080807), (0.076800454577455615, 0.38768080808080807))
maj ((0.0023288087917354957, 0.19643131313131312), 194467, (0.0013931298803639229, 0.19643131313131312), (0.0070921985815602835, 0.19643131313131312))

0.01 full
fr ((0.11962400105440071, 0.31755068829716909), 678287, (0.21936104739485479, 0.31755068829716909), (0.097999000761608002, 0.31755068829716909))
fol ((0.11828851742574355, 0.2885028810915376), 616241, (0.21148585375443604, 0.2885
028810915376), (0.091847092272575301, 0.2885028810915376))
svm ((0.11270131639654064, 0.40410468933462423), 863166, (0.15139692137857955, 0.404
10468933462423), (0.11548078943278495, 0.40410468933462423))
log ((0.096015079352131036, 0.39773061372774104), 849551, (0.14888208297278843, 0.39
773061372774104), (0.09273700236491865, 0.39773061372774104))
maj ((0.0023283611045401393, 0.196386135554561), 419480, (0.0013928094720181629, 0.1
9638613555456097), (0.0070921985815602835, 0.19638613555456097))

0.05 full
fr ((0.1761189040911576, 0.416959515400599), 854639, (0.29703556976161521, 0.416959515400599), (0.15101827630601641, 0.416959515400599))
fol ((0.18915985132945973, 0.39663452038915104), 812979, (0.28100771068788588, 0.396
63452038915098), (0.1615983175258566, 0.39663452038915098))
svm ((0.10805986792057129, 0.40701509933438812), 834256, (0.15261563015511428, 0.407
01509933438812), (0.1121409973746275, 0.40701509933438812))
log ((0.11797350494758717, 0.40625547338064771), 832699, (0.20317030803682901, 0.406
25547338064771), (0.11093105387797537, 0.40625547338064771)) 
maj ((0.0023290462185763658, 0.19645527403372115), 402673, (0.001393299815841994, 0.
19645527403372115), (0.0070921985815602835, 0.19645527403372115))

0.1 full
fr ((0.18912005024024689, 0.43924237851823089), 852927, (0.35064683369424343, 0.43924237851823089), (0.16184744952613025, 0.43924237851823089))
fol ((0.21721423827049857, 0.43757280563431922), 849685, (0.31188209461503508, 0.437
57280563431927), (0.18921146355915655, 0.43757280563431927))
svm ((0.10681855410910399, 0.40729390147563049), 790889, (0.15361131711290954, 0.407
29390147563049), (0.11078767982224272, 0.40729390147563049)) 
log ((0.12645389479292696, 0.40794535418943317), 792154, (0.21705036871406247, 0.407
94535418943317), (0.11674121576334673, 0.40794535418943317)) 
maj ((0.00232824705535344, 0.19637462702400951), 381323, (0.00139272785123411, 0.196
37462702400951), (0.0070921985815602835, 0.19637462702400951))

0.1 1m d 300
fr ((0.17170691232247215, 0.41475222222222224), 373277, (0.29294078812114133, 0.41475222222222224), (0.14614528822726441, 0.41475222222222224))
fol ((0.1893339660667829, 0.39077222222222224), 351695, (0.27182071957613085, 0.39077222222222224), (0.16066595137176068, 0.39077222222222224))
svm ((0.14211161410383444, 0.41406111111111105), 372655, (0.19523775363541512, 0.4140611111111111), (0.14220758075678611, 0.4140611111111111))
log ((0.14847414395135569, 0.41165444444444443), 370489, (0.23582226284737118, 0.41165444444444443), (0.13093640029522335, 0.41165444444444443))
maj ((0.0023284544548296351, 0.19639555555555555), 176756, (0.0013928762805358549, 0.19639555555555555), (0.0070921985815602835, 0.19639555555555555))

fr ((0.17889084801845184, 0.41079444444444446), 369715, (0.31164489867271267, 0.41079444444444446), (0.15183789639750542, 0.41079444444444446))
fol ((0.19067388886359801, 0.38702222222222221), 348320, (0.28566622431434613, 0.38702222222222221), (0.16183800485182373, 0.38702222222222221))
svm ((0.14661286822055031, 0.41541222222222224), 373871, (0.19421873914188839, 0.41541222222222224), (0.14585006893116415, 0.41541222222222224))
log ((0.15180082931843797, 0.41206999999999999), 370863, (0.23051567931470993, 0.41206999999999999), (0.13416958512262922, 0.41206999999999999))
maj ((0.0023290269886711663, 0.19645333333333334), 176808, (0.0013932860520094563, 0.19645333333333334), (0.0070921985815602835, 0.19645333333333334))

0.05 1m d 300
fr ((0.15458428275413935, 0.3672063157894736), 348846, (0.26640173552689284, 0.36720631578947366), (0.12808286764911839, 0.36720631578947366))
fol ((0.15672379835445019, 0.34115263157894737), 324095, (0.23557072804048246, 0.34115263157894737), (0.12774440600726192, 0.34115263157894737))
svm ((0.1326171066583858, 0.40451578947368422), 384290, (0.16116808833117288, 0.40451578947368422), (0.13844489175337304, 0.40451578947368422))
log ((0.14153678232937209, 0.4060557894736842), 385753, (0.20651899840016605, 0.4060557894736842), (0.12614273127051931, 0.4060557894736842))
maj ((0.0023253578735054825, 0.19608315789473685), 186279, (0.0013906606942889138, 0.19608315789473685), (0.0070921985815602835, 0.19608315789473685))

0.01 1m d 300
fr ((0.088590894503543141, 0.26284141414141415), 260213, (0.18434735894501963, 0.26284141414141415), (0.068339128311564676, 0.26284141414141415))
fol ((0.083408240537143741, 0.25252828282828282), 250003, (0.17711481863174056, 0.25252828282828282), (0.061140636276567052, 0.25252828282828282))
svm ((0.097110711930731758, 0.348620202020202), 345134, (0.10293009667173118, 0.348620202020202), (0.10670686986856219, 0.348620202020202))
log ((0.11274772046405626, 0.37705555555555553), 373285, (0.17057435255069273, 0.37705555555555553), (0.10221346626591843, 0.37705555555555553))
maj ((0.0023267265087372258, 0.19622121212121213), 194259, (0.0013916398022781001, 0.19622121212121213), (0.0070921985815602835, 0.19622121212121213))

activity time prediction

0.1 1m
fr ((0.1438077202009336, 0.21089621713761228), 80420, (0.17620232631211241, 0.21089621713761228), (0.16206082120128976, 0.21089621713761228))
fol ((0.14556710432870082, 0.20031469219170001), 76385, (0.16639427441304527, 0.20031469219170001), (0.1593577206704391, 0.20031469219170001))
svm ((0.25065224460069319, 0.3417871894053629), 130332, (0.31746939961053322, 0.3417871894053629), (0.28628517616918281, 0.3417871894053629))
log ((0.28879146212182177, 0.34920605782469022), 133161, (0.34343943400189697, 0.34920605782469022), (0.30379697914368858, 0.34920605782469022))
maj ((0.050500682833431822, 0.21470137022225136), 81871, (0.03067162431746448, 0.21470137022225136), (0.14285714285714285, 0.21470137022225136))

cand set coverage stat with increasing n

cc [0.16852280428609526, 0.14855674360642371, 0.11138079827400216]
/mnt/filer01/word2vec/node_vectors_1hr_pr.txt 10 1000
cc [0.2216558296311158, 0.16961691379000712, 0.16296424878340968]
/mnt/filer01/word2vec/node_vectors_1hr_pr.txt 20 1000
cc [0.26296893282151385, 0.18132217002331791, 0.20834073515775897]
/mnt/filer01/word2vec/node_vectors_1hr_pr.txt 30 1000
cc [0.29619156509052552, 0.19234733635382842, 0.2584642857142857]
/mnt/filer01/word2vec/node_vectors_1hr_pr.txt 40 1000
cc [0.32035840201360644, 0.19321620924247451, 0.28532500901550667]
/mnt/filer01/word2vec/node_vectors_1hr_pr.txt 50 1000
cc [0.33879981059139047, 0.19294880197222031, 0.30724825523429711]
/mnt/filer01/word2vec/node_vectors_1hr_pr.txt 60 1000
cc [0.3573991705018954, 0.19178939395711486, 0.32581026602795027]
/mnt/filer01/word2vec/node_vectors_1hr_pr.txt 70 1000
cc [0.37435363558139118, 0.19183458355974634, 0.34368112741881968]
/mnt/filer01/word2vec/node_vectors_1hr_pr.txt 80 1000
cc [0.38898478323858193, 0.19213626302258077, 0.36084959789952997]
/mnt/filer01/word2vec/node_vectors_1hr_pr.txt 90 1000
cc [0.4011774074037644, 0.19320149755185317, 0.3678792787514289]
/mnt/filer01/word2vec/node_vectors_1hr_pr.txt 100 1000

Statistics for Hashtags with at least 500 adopters
number of seq considered 3859 avg adopt 2120.53381705 [2120.5338170510495, 3754.5420585652446, 1027.0]

topic train-test cand set coverage fixed (nearest neighbour)

10 4000 num examples 100 avg cand set recall 0.295274459352 avg cand set cr 0.0244467833709 avg cand set size 28641.87 avg adopt 2160.59
Precision [0.27999999999999992, 0.28007141946296482, 0.16] Recall [0.031877219014887236, 0.027878954875513156, 0.025286691216171595]
10 8000 num examples 100 avg cand set recall 0.379516735625 avg cand set cr 0.0174051105922 avg cand set size 54491.25 avg adopt 2160.59
Precision [0.28179999999999983, 0.26612921673502887, 0.20999999999999999] Recall [0.026125132945485716, 0.021644804590407261, 0.023950362680122496]
10 15000 num examples 100 avg cand set recall 0.466289121268 avg cand set cr 0.0124929286368 avg cand set size 97365.49 avg adopt 2160.59
Precision [0.28899999999999987, 0.27097416851057959, 0.22000000000000003] Recall [0.021613827250267389, 0.017712278339024785, 0.019298707941892621]

20 2500 num examples 100 avg cand set recall 0.308458845733 avg cand set cr 0.0238861596027 avg cand set size 33171.3 avg adopt 2160.59
Precision [0.30659999999999987, 0.27701342927735473, 0.26000000000000001] Recall [0.035712547357391308, 0.027489647837682697, 0.031841436606791833]
20 5000 num examples 100 avg cand set recall 0.390369973436 avg cand set cr 0.0173469507443 avg cand set size 62129.75 avg adopt 2160.59
Precision [0.30059999999999992, 0.27169769965901436, 0.23000000000000001] Recall [0.027807395197275528, 0.02096011533586525, 0.025485778651378934]
20 10500 num examples 100 avg cand set recall 0.494916977151 avg cand set cr 0.0117336731544 avg cand set size 121189.44 avg adopt 2160.59
Precision [0.30659999999999987, 0.27039312121427944, 0.27000000000000002] Recall [0.022160084453702072, 0.018695744416659641, 0.01905681647107596]

30 1500 num examples 100 avg cand set recall 0.30435424658 avg cand set cr 0.0248962376066 avg cand set size 30032.09 avg adopt 2160.59
Precision [0.3133999999999999, 0.26702891229228337, 0.26000000000000001] Recall [0.039863929689484608, 0.029293953926340582, 0.034159044990910721]
30 3000 num examples 100 avg cand set recall 0.381416070461 avg cand set cr 0.0184583049363 avg cand set size 55536.04 avg adopt 2160.59
Precision [0.31459999999999999, 0.26348214360749384, 0.26000000000000001] Recall [0.031886218312061947, 0.024433922387177519, 0.026817935028261602]
30 7000 num examples 100 avg cand set recall 0.497725631253 avg cand set cr 0.012195301388 avg cand set size 117514.81 avg adopt 2160.59
Precision [0.30279999999999996, 0.26260266563765111, 0.26000000000000001] Recall [0.023106130263301314, 0.019994785575754567, 0.017707106436232141]

40 1000 num examples 100 avg cand set recall 0.296191565091 avg cand set cr 0.0260194308357 avg cand set size 27087.96 avg adopt 2160.59
Precision [0.32079999999999992, 0.2744145768722937, 0.27999999999999997] Recall [0.041951084693440714, 0.02860437323454354, 0.038941867830310326]
40 2250 num examples 100 avg cand set recall 0.381600231052 avg cand set cr 0.0184324389565 avg cand set size 54878.98 avg adopt 2160.59
Precision [0.31459999999999977, 0.27593992099730691, 0.26000000000000001] Recall [0.031024606522486425, 0.023102126927048085, 0.027232553490714163]
40 6000 num examples 100 avg cand set recall 0.513504031302 avg cand set cr 0.0115043705591 avg cand set size 129040.96 avg adopt 2160.59
Precision [0.31599999999999995, 0.27194117010853652, 0.25] Recall [0.023911610309836545, 0.018937859711021528, 0.020746805177474202]

50 750 num examples 100 avg cand set recall 0.292458198687 avg cand set cr 0.0259617326997 avg cand set size 25873.9 avg adopt 2160.59
Precision [0.31920000000000004, 0.26626182602844145, 0.28999999999999998] Recall [0.044669927570247382, 0.031756215274730805, 0.039846729940492487]
50 2000 num examples 100 avg cand set recall 0.396286858651 avg cand set cr 0.0172334240068 avg cand set size 59783.79 avg adopt 2160.59
Precision [0.3133999999999999, 0.267328337442928, 0.24000000000000002] Recall [0.03171984886198629, 0.025553202472782612, 0.028316881033852985]
50 4500 num examples 100 avg cand set recall 0.502216979057 avg cand set cr 0.0117422335203 avg cand set size 120111.3 avg adopt 2160.59
Precision [0.33000000000000007, 0.26797761100509876, 0.29999999999999999] Recall [0.026503830091492951, 0.021783322214840899, 0.023209985485423142]

d 300
10 4000 Precision [0.32839999999999997, 0.28621921668539307, 0.24000000000000002] Recall [0.041313623050467249, 0.029583954684778056, 0.038914918414918412]
20 2500 Precision [0.35239999999999988, 0.29552367079474356, 0.29999999999999999] Recall [0.041017802085158588, 0.02800598869130078, 0.036695039964948495]
30 1500 Precision [0.36519999999999997, 0.28565181602783485, 0.33999999999999997] Recall [0.048353447598015853, 0.032589670960382934, 0.0455920841276614]
40 1000 Precision [0.36299999999999977, 0.28049064155511511, 0.31999999999999995] Recall [0.051677045659591768, 0.036960287413348725, 0.047719586189671731]
50 750 Precision, [0.37040000000000001, 0.2805776897759335, 0.31999999999999995], Recall, [0.055886567663595066, 0.039537242653013019, 0.047705919436612024]

stepwise (nearest neighbour)

10 4000 Precision [0.2977999999999999, 0.27543267779985725, 0.21000000000000002] Recall [0.036470877289397061, 0.026958774277504025, 0.033986377822153288]
10 15000 Precision [0.30339999999999995, 0.27792164363359678, 0.23999999999999999] Recall [0.023637747891075773, 0.019231217883520314, 0.019983446890069735]

20 2500 Precision [0.31939999999999996, 0.27571659362468565, 0.29000000000000004] Recall [0.039067728617319754, 0.03119438261951599, 0.03683235658481554]
20 10500 Precision [0.32199999999999995, 0.27322518185555306, 0.27000000000000002] Recall [0.024180165349852935, 0.020302551395036082, 0.019729414433198041]

30 1500 Precision [0.3236, 0.26358118293990557, 0.27999999999999997] Recall [0.04416098028252459, 0.029296798591329252, 0.040143041276693645]
30 7000 Precision [0.32919999999999994, 0.272300128534674, 0.29999999999999999] Recall [0.025462571575329506, 0.020154000038603945, 0.021135173413279931]

40 1000 Precision [0.32439999999999997, 0.27544262560468002, 0.25999999999999995] Recall [0.043045402504979888, 0.029573693252380483, 0.0379919714089825]
40 6000 Precision [0.3236, 0.27150513807292853, 0.26000000000000001] Recall [0.024868149142479212, 0.019110613382610438, 0.021735374330398894]

50 750 Precision [0.33360000000000001, 0.26945693533475812, 0.28000000000000003] Recall [0.049708516413586867, 0.036070488642459597, 0.045085120442608977]
50 4500 Precision [0.33399999999999991, 0.26670583045745366, 0.29999999999999999] Recall [0.026547365631129818, 0.019956152660485248, 0.02462990404413902]

topic train-test cand set coverage fixed (distance-based)

10 0.86 num examples 100 avg cand set recall 0.289863088372 avg cand set cr 0.0230195106991 avg cand set size 22567.06 avg adopt 2160.59
10 0.86 Precision [0.2785999999999999, 0.27770855226297936, 0.20000000000000001] Recall [0.04678737667254456, 0.051942768686798146, 0.02977825797732115]
10 0.955 num examples 100 avg cand set recall 0.387903302151 avg cand set cr 0.0155292937439 avg cand set size 49070.31 avg adopt 2160.59
10 0.955 Precision [0.28139999999999987, 0.27049961182966609, 0.20000000000000004] Recall [0.031245289037582759, 0.033735512561682494, 0.023366681677264241]
10 1.05 num examples 100 avg cand set recall 0.507696090524 avg cand set cr 0.00986426349383 avg cand set size 115904.54 avg adopt 2160.59
10 1.05 Precision [0.28539999999999988, 0.27090743806695305, 0.22000000000000003] Recall [0.021269977120294582, 0.019874891644918243, 0.018492891142882363]

20 0.81 num examples 100 avg cand set recall 0.297355854016 avg cand set cr 0.0219191837688 avg cand set size 26714.85 avg adopt 2160.59
20 0.81 Precision [0.30459999999999993, 0.2736692163908831, 0.23999999999999999] Recall [0.052105397887823257, 0.050738093487831468, 0.036292043873789911]
20 0.91 num examples 100 avg cand set recall 0.399851713759 avg cand set cr 0.0150414335012 avg cand set size 58616.33 avg adopt 2160.59
20 0.91 Precision [0.30719999999999986, 0.27351811640182089, 0.26000000000000001] Recall [0.032069774467700311, 0.033800939263564568, 0.024815749266213664]
20 1.0 num examples 100 avg cand set recall 0.513197091907 avg cand set cr 0.0100585244435 avg cand set size 124247.77 avg adopt 2160.59
20 1.0 Precision [0.31199999999999983, 0.26951808844676822, 0.25999999999999995] Recall [0.023629122044652194, 0.020004453383648608, 0.020207706807560268]

30 0.76 num examples 100 avg cand set recall 0.285297590295 avg cand set cr 0.0221923773326 avg cand set size 24762.34 avg adopt 2160.59
30 0.76 Precision [0.30599999999999988, 0.26470360783336522, 0.25] Recall [0.063981762348173127, 0.068272473458401234, 0.043371130908193008]
30 0.86 num examples 100 avg cand set recall 0.386645170271 avg cand set cr 0.015599814446 avg cand set size 53676.1 avg adopt 2160.59
30 0.86 Precision [0.3111999999999997, 0.26560602402807054, 0.27000000000000002] Recall [0.037134843971686295, 0.034060052398474851, 0.029364090027157792]
30 0.95 num examples 100 avg cand set recall 0.49835851352 avg cand set cr 0.0109187033783 avg cand set size 109962.63 avg adopt 2160.59
30 0.95 Precision [0.31340000000000001, 0.26340926331471343, 0.26000000000000001] Recall [0.026291852826598659, 0.023257485373417312, 0.02236921462606252]

40 0.75 num examples 100 avg cand set recall 0.292651095395 avg cand set cr 0.0209247794473 avg cand set size 28221.57 avg adopt 2160.59
40 0.75 Precision [0.30620000000000014, 0.2700028888734341, 0.24000000000000002] Recall [0.05676822043780317, 0.057695419073323179, 0.040854191138821119]
40 0.85 num examples 100 avg cand set recall 0.397670640218 avg cand set cr 0.0147473416453 avg cand set size 61557.09 avg adopt 2160.59
40 0.85 Precision [0.31779999999999992, 0.27625922609027914, 0.25000000000000006] Recall [0.034752479461430653, 0.030246199675875014, 0.027185528069856503]
40 0.925 num examples 100 avg cand set recall 0.492021463064 avg cand set cr 0.0109193665696 avg cand set size 111367.79 avg adopt 2160.59
40 0.925 Precision [0.31819999999999998, 0.27000881467092891, 0.26000000000000001] Recall [0.026402100480481184, 0.021619398743185272, 0.021483522559207963]

50 0.725 num examples 100 avg cand set recall 0.286794745145 avg cand set cr 0.0211691162727 avg cand set size 26710.67 avg adopt 2160.59
50 0.725 Precision [0.3203584020136064439999999999997, 0.27614568618756286, 0.28000000000000003] Recall [0.062448788299116549, 0.06406616563732305, 0.046238188912953435]
50 0.84 num examples 100 avg cand set recall 0.406011656323 avg cand set cr 0.0138730550432 avg cand set size 65900.39 avg adopt 2160.59
50 0.84 Precision [0.31679999999999997, 0.26691901393493866, 0.29000000000000004] Recall [0.035511295493365791, 0.033426999305360923, 0.028691839733667169]
50 0.915 num examples 100 avg cand set recall 0.501254146545 avg cand set cr 0.0101102150465 avg cand set size 119797.76 avg adopt 2160.59
50 0.915 Precision [0.31939999999999991, 0.27088676601118777, 0.29000000000000004] Recall [0.02738873379621427, 0.026303161674681719, 0.02261441669417228]

min pr d 100 k 10

MAP user vectors 0.135449206349 Nb_App 0.0535353174603 Fol 0.113787301587
MPk 0.193 0.089 0.174 MRk 0.00167081346957 0.000722694189445 0.00146470109203
/mnt/filer01/word2vec/node_vectors_1hr_pr.txt 10 1 2 10 True

MAP user vectors 0.129123809524 Nb_App 0.0535353174603 Fol 0.128312301587
MPk 0.19 0.089 0.195 MRk 0.00170869186544 0.000732413229715 0.00166299595454
/mnt/filer01/word2vec/node_vectors_1hr_pr.txt 20 1 2 10 True

MAP user vectors 0.116436507937 Nb_App 0.0530353174603 Fol 0.125828968254
MPk 0.179 0.088 0.19 MRk 0.00165191354944 0.000741251244501 0.00162163818486
/mnt/filer01/word2vec/node_vectors_1hr_pr.txt 30 1 2 10 True

MAP user vectors 0.125543650794 Nb_App 0.052701984127 Fol 0.131725793651
MPk 0.183 0.087 0.2 MRk 0.00149647410294 0.0007435947181 0.00182372046843
/mnt/filer01/word2vec/node_vectors_1hr_pr.txt 40 1 2 10 True

MAP user vectors 0.131881746032 Nb_App 0.0520353174603 Fol 0.125977777778
MPk 0.188 0.086 0.193 MRk 0.00159822001105 0.000733570240143 0.00173474086928
/mnt/filer01/word2vec/node_vectors_1hr_pr.txt 50 1 2 10 True

avg pr d 100 k 10

MAP user vectors 0.223523412698 Nb_App 0.0535353174603 Fol 0.113787301587
MPk 0.29 0.089 0.174 MRk 0.00240639227182 0.000722694189445 0.00146470109203
/mnt/filer01/word2vec/node_vectors_1hr_pr.txt 10 2 2 10 True

MAP user vectors 0.213208333333 Nb_App 0.0535353174603 Fol 0.128312301587
MPk 0.292 0.089 0.195 MRk 0.00245156704164 0.000732413229715 0.00166299595454
/mnt/filer01/word2vec/node_vectors_1hr_pr.txt 20 2 2 10 True

MAP user vectors 0.219186111111 Nb_App 0.0530353174603 Fol 0.125828968254
MPk 0.296 0.088 0.19 MRk 0.00261500530252 0.000741251244501 0.00162163818486
/mnt/filer01/word2vec/node_vectors_1hr_pr.txt 30 2 2 10 True

MAP user vectors 0.228432142857 Nb_App 0.052701984127 Fol 0.131725793651
MPk 0.306 0.087 0.2 MRk 0.0026558427899 0.0007435947181 0.00182372046843
/mnt/filer01/word2vec/node_vectors_1hr_pr.txt 40 2 2 10 True

MAP user vectors 0.229079365079 Nb_App 0.0520353174603 Fol 0.125977777778
MPk 0.312 0.086 0.193 MRk 0.00272804790134 0.000733570240143 0.00173474086928
/mnt/filer01/word2vec/node_vectors_1hr_pr.txt 50 2 2 10 True

avg in cand set d 100 k 10

MAP user vectors 0.226921428571 Nb_App 0.0535353174603 Fol 0.113787301587
MPk 0.303 0.089 0.174 MRk 0.00255554575351 0.000722694189445 0.00146470109203
/mnt/filer01/word2vec/node_vectors_1hr_pr.txt 10 3 2 10 True

MAP user vectors 0.22133531746 Nb_App 0.0535353174603 Fol 0.128312301587
MPk 0.304 0.089 0.195 MRk 0.00254393026447 0.000732413229715 0.00166299595454
/mnt/filer01/word2vec/node_vectors_1hr_pr.txt 20 3 2 10 True

MAP user vectors 0.236826190476 Nb_App 0.0530353174603 Fol 0.125828968254
MPk 0.317 0.088 0.19 MRk 0.00283263614953 0.000741251244501 0.00162163818486
/mnt/filer01/word2vec/node_vectors_1hr_pr.txt 30 3 2 10 True

MAP user vectors 0.231040873016 Nb_App 0.052701984127 Fol 0.131725793651
MPk 0.312 0.087 0.2 MRk 0.00277147178742 0.0007435947181 0.00182372046843
/mnt/filer01/word2vec/node_vectors_1hr_pr.txt 40 3 2 10 True

MAP user vectors 0.23224047619 Nb_App 0.0520353174603 Fol 0.125977777778
MPk 0.32 0.086 0.193 MRk 0.0028652635678 0.000733570240143 0.00173474086928
/mnt/filer01/word2vec/node_vectors_1hr_pr.txt 50 3 2 10 True

avg in cand set d 300 k 100

MAP user vectors 0.272905555556 Nb_App 0.0535353174603 Fol 0.113787301587
MPk 0.352 0.089 0.174 MRk 0.00321277727116 0.000722694189445 0.00146470109203
/mnt/filer01/word2vec/node_vectors_1hr_pr_d300.txt 10 3 2 10 True

MAP user vectors 0.293231349206 Nb_App 0.0535353174603 Fol 0.128312301587
MPk 0.377 0.089 0.195 MRk 0.00346076302365 0.000732413229715 0.00166299595454
/mnt/filer01/word2vec/node_vectors_1hr_pr_d300.txt 20 3 2 10 True

MAP user vectors 0.30606547619 Nb_App 0.0530353174603 Fol 0.125828968254
MPk 0.394 0.088 0.19 MRk 0.00376367525899 0.000741251244501 0.00162163818486
/mnt/filer01/word2vec/node_vectors_1hr_pr_d300.txt 30 3 2 10 True

MAP user vectors 0.308413095238 Nb_App 0.052701984127 Fol 0.131725793651
MPk 0.386 0.087 0.2 MRk 0.00360355361346 0.0007435947181 0.00182372046843
/mnt/filer01/word2vec/node_vectors_1hr_pr_d300.txt 40 3 2 10 True

MAP user vectors 0.318526984127 Nb_App 0.0520353174603 Fol 0.125977777778
MPk 0.398 0.086 0.193 MRk 0.00381968255975 0.000733570240143 0.00173474086928
/mnt/filer01/word2vec/node_vectors_1hr_pr_d300.txt 50 3 2 10 True

cand set fol,fr coverage

1000 num examples 10000 cc ([0.046574642350477299, 0.08445887018755896, 0.010416666666666666], [0.043078784995512771, 0.072562047236070001, 0.013888888888888888])
2000 num examples 10000 cc ([0.067805954684032513, 0.10866421641183133, 0.020833333333333332], [0.063019351100504661, 0.096553082251435621, 0.024096385542168676])
5000 num examples 10000 cc ([0.11074880992125431, 0.14820141839900303, 0.05128205128205128], [0.10631779026481372, 0.13608016678017845, 0.05301691829960381]) ([421.23219999999998, 2772.7897549008612, 88.0], [383.97550000000001, 946.67542711308772, 214.0])
10000 num examples 10000 cc ([0.16538758338672038, 0.18530109340747963, 0.10000000000000001], [0.15796447260521823, 0.17476055292664308, 0.095238095238095233]) ([408.09960000000001, 1880.8561652289786, 84.0], [392.22829999999999, 1016.0555285903898, 215.0])

radius

0.6 num examples 10000 cc ([0.025082386084559375, 0.090068443827976949, 0.0], [0.022679556138739145, 0.077826144886660231, 0.0]) ([403.35489999999999, 2328.878865451341, 85.0], [409.36419999999998, 1522.2504364782933, 215.0])
0.7 num examples 10000 cc ([0.046388656201549999, 0.12097267419781176, 0.0], [0.043474518592807633, 0.11119545943041352, 0.0]) ([405.16129999999998, 2122.517495447873, 86.0], [368.39150000000001, 754.5457222910693, 209.0])
0.8 num examples 10000 cc ([0.077257932119276979, 0.15731740208862266, 0.0], [0.072482213711377308, 0.14459019149701813, 0.004464285714285714]) ([409.267, 2278.905386827415, 86.0], [393.93549999999999, 965.79408941024133, 212.5])
0.9 num examples 10000 cc ([0.12433586506818235, 0.19568066928776021, 0.023255813953488372], [0.11751046551184929, 0.18313889718931819, 0.025964112223654211]) ([360.58769999999998, 1538.1557420848944, 83.0], [378.43520000000001, 803.85876483431639, 213.0])
1.0 num examples 10000 cc ([0.18592078770052256, 0.23159642649246934, 0.080702628151099534], [0.17716945724355102, 0.22025797020273005, 0.076923076923076927]) ([415.33359999999999, 2789.006013459099, 80.0], [393.15530000000001, 1092.0678588722878, 213.0])

count,fol baselines n10-50 k10

10 1000 MAP ([0.05353531746031745, 0.14517282080054605, 0.0], [0.07906309523809521, 0.14480507852857982, 0.0]) MPk ([0.088999999999999982, 0.21161049123330339, 0.0], [0.13499999999999995, 0.19968725547715863, 0.0]) MRk ([0.00072269418944474935, 0.0020441289989079356, 0.0], [0.0011135164943605156, 0.0018892071425063606, 0.0])
20 1000 MAP ([0.05353531746031745, 0.14517282080054605, 0.0], [0.098662301587301562, 0.18773846675680311, 0.0]) MPk ([0.088999999999999982, 0.21161049123330339, 0.0], [0.15599999999999997, 0.22861321046693678, 0.0]) MRk ([0.00073241322971516086, 0.0020768748473117878, 0.0], [0.0013064589210440159, 0.0020884790172256331, 0.0])
30 1000 MAP ([0.053035317460317463, 0.14527020760172321, 0.0], [0.097864285714285723, 0.18310485087190989, 0.0]) MPk ([0.087999999999999995, 0.21179235113667347, 0.0], [0.15799999999999995, 0.22986082745870368, 0.0]) MRk ([0.00074125124450066934, 0.0021111968341014334, 0.0], [0.0013167358541838414, 0.0020549710093114371, 0.0])
40 1000 MAP ([0.052701984126984132, 0.1453532520198032, 0.0], [0.1028924603174603, 0.19201810872499972, 0.01]) MPk ([0.086999999999999994, 0.21196933740520121, 0.0], [0.16399999999999998, 0.23516802503741857, 0.10000000000000001]) MRk ([0.00074359471809967216, 0.0021476881288110729, 0.0], [0.0014160265135358633, 0.0021915021694838988, 0.00015348384370025882])
50 1000 MAP ([0.052035317460317462, 0.14528765897889745, 0.0], [0.09465119047619043, 0.17276882229700008, 0.01]) MPk ([0.085999999999999993, 0.21166955378608418, 0.0], [0.15699999999999995, 0.21737295139920246, 0.10000000000000001]) MRk ([0.00073357024014317738, 0.002161841279211926, 0.0], [0.0013703234225022393, 0.0021162696119230583, 0.00014274717522120889])

corrected Fol baseline with predicted users from vocab only

10 10 MAP ([0.05353531746031745, 0.14517282080054605, 0.0], [0.11378730158730153, 0.203145468003399, 0.011805555555555555]) MPk ([0.088999999999999982, 0.21161049123330339, 0.0], [0.17399999999999999, 0.24520195757783006, 0.10000000000000001]) MRk ([0.00072269418944474935, 0.0020441289989079356, 0.0], [0.0014647010920255676, 0.0024789535468365486, 0.00010919546871873692])
20 10 MAP ([0.05353531746031745, 0.14517282080054605, 0.0], [0.12831230158730159, 0.22571583313652319, 0.012500000000000001]) MPk ([0.088999999999999982, 0.21161049123330339, 0.0], [0.19500000000000003, 0.25937424698685885, 0.10000000000000001]) MRk ([0.00073241322971516086, 0.0020768748473117878, 0.0], [0.0016629959545434079, 0.0024920673277603, 0.00030893638203627013])
30 10 MAP ([0.053035317460317463, 0.14527020760172321, 0.0], [0.12582896825396822, 0.22316555001613109, 0.0050000000000000001]) MPk ([0.087999999999999995, 0.21179235113667347, 0.0], [0.19, 0.26814175355583852, 0.050000000000000003]) MRk ([0.00074125124450066934, 0.0021111968341014334, 0.0], [0.0016216381848607091, 0.0026338834212692201, 4.2841230400137091e-05])
40 10 MAP ([0.052701984126984132, 0.1453532520198032, 0.0], [0.13172579365079362, 0.22614661260120383, 0.01111111111111111]) MPk ([0.086999999999999994, 0.21196933740520121, 0.0], [0.20000000000000007, 0.26419689627245813, 0.10000000000000001]) MRk ([0.00074359471809967216, 0.0021476881288110729, 0.0], [0.0018237204684319987, 0.0027884958214590503, 0.00031351260949440823])
50 10 MAP ([0.052035317460317462, 0.14528765897889745, 0.0], [0.1259777777777778, 0.22179817360851864, 0.013392857142857144]) MPk ([0.085999999999999993, 0.21166955378608418, 0.0], [0.19300000000000009, 0.25932797766534954, 0.10000000000000001]) MRk ([0.00073357024014317738, 0.002161841279211926, 0.0], [0.0017347408692782668, 0.0027183710407477752, 0.00027028893651739948])